#
# A fatal error has been detected by the Java Runtime Environment:
#
#  EXCEPTION_ACCESS_VIOLATION (0xc0000005) at pc=0x0000000066be0179, pid=3772, tid=0x00000000000008a0
#
# JRE version: Java(TM) SE Runtime Environment (8.0_161-b12) (build 1.8.0_161-b12)
# Java VM: Java HotSpot(TM) 64-Bit Server VM (25.161-b12 mixed mode windows-amd64 compressed oops)
# Problematic frame:
# C  [gdx-box2d64.dll+0x20179]
#
# Failed to write core dump. Minidumps are not enabled by default on client versions of Windows
#
# If you would like to submit a bug report, please visit:
#   http://bugreport.java.com/bugreport/crash.jsp
# The crash happened outside the Java Virtual Machine in native code.
# See problematic frame for where to report the bug.
#

---------------  T H R E A D  ---------------

Current thread (0x000000001f041800):  JavaThread "LWJGL Application" [_thread_in_native, id=2208, stack(0x0000000020d80000,0x0000000020e80000)]

siginfo: ExceptionCode=0xc0000005, reading address 0x00000000202ae998

Registers:
RAX=0x0000000000000000, RBX=0x00000000202ae980, RCX=0x0000000000000180, RDX=0x0000000000000006
RSP=0x0000000020e7e900, RBP=0x0000000020290a00, RSI=0x00000000202a4f58, RDI=0x000000000000010b
R8 =0x0000000000000006, R9 =0x000000001f048c10, R10=0x000000001caf3650, R11=0x0000000020e7e7e0
R12=0x0000000020291840, R13=0x000000002025f950, R14=0x0000000000000000, R15=0x0000000000000000
RIP=0x0000000066be0179, EFLAGS=0x0000000000010206

Top of Stack: (sp=0x0000000020e7e900)
0x0000000020e7e900:   00000000bf800000 00000000615d2adc
0x0000000020e7e910:   bacccccd80000000 000000076bfefcb0
0x0000000020e7e920:   000000003f800000 0000000000000000
0x0000000020e7e930:   0000000000000000 0000000000000000
0x0000000020e7e940:   0000000020e7ed98 00000000202466b0
0x0000000020e7e950:   0000000020e7e9c0 0000000020e7e9b0
0x0000000020e7e960:   000000002025f950 0000000000000008
0x0000000020e7e970:   0000000020e7ed98 0000000020e7eb20
0x0000000020e7e980:   000000001f041800 0000000066be4b66
0x0000000020e7e990:   0000000000000003 000000076bfefc60
0x0000000020e7e9a0:   000000076bfefde0 0000000000000000
0x0000000020e7e9b0:   42818028d1889800 0000000000000000
0x0000000020e7e9c0:   42818028d188a000 000000076baca8f0
0x0000000020e7e9d0:   426fffff3c888889 000000083f800000
0x0000000020e7e9e0:   0000000100000003 00000000036c0fbc
0x0000000020e7e9f0:   000000003c888889 0000000000000000 

Instructions: (pc=0x0000000066be0179)
0x0000000066be0159:   24 20 0f 28 7c 24 30 48 83 c4 48 5b 5e 5f 5d 41
0x0000000066be0169:   5c 41 5d 41 5e 41 5f c3 84 c0 0f 85 1a ff ff ff
0x0000000066be0179:   48 8b 5b 18 e9 c2 fe ff ff 48 89 f2 48 89 f9 e8
0x0000000066be0189:   e3 f5 ff ff 84 c0 74 aa 49 8b 4d 68 48 85 c9 74 


Register to memory mapping:

RAX=0x0000000000000000 is an unknown value
RBX=0x00000000202ae980 is an unknown value
RCX=0x0000000000000180 is an unknown value
RDX=0x0000000000000006 is an unknown value
RSP=0x0000000020e7e900 is pointing into the stack for thread: 0x000000001f041800
RBP=0x0000000020290a00 is an unknown value
RSI=0x00000000202a4f58 is an unknown value
RDI=0x000000000000010b is an unknown value
R8 =0x0000000000000006 is an unknown value
R9 =0x000000001f048c10 is an unknown value
R10={method} {0x000000001caf3658} 'beginContact' '(J)V' in 'com/badlogic/gdx/physics/box2d/World'
R11=0x0000000020e7e7e0 is pointing into the stack for thread: 0x000000001f041800
R12=0x0000000020291840 is an unknown value
R13=0x000000002025f950 is an unknown value
R14=0x0000000000000000 is an unknown value
R15=0x0000000000000000 is an unknown value


Stack: [0x0000000020d80000,0x0000000020e80000],  sp=0x0000000020e7e900,  free space=1018k
Native frames: (J=compiled Java code, j=interpreted, Vv=VM code, C=native code)
C  [gdx-box2d64.dll+0x20179]
C  [gdx-box2d64.dll+0x24b66]
C  [gdx-box2d64.dll+0x290d1]
C  0x00000000036b7d15

Java frames: (J=compiled Java code, j=interpreted, Vv=VM code)
J 906  com.badlogic.gdx.physics.box2d.World.jniStep(JFII)V (0 bytes) @ 0x00000000036b7c89 [0x00000000036b7c40+0x49]
J 963 C1 com.florent.f1game.screen.GameScreen.render(F)V (453 bytes) @ 0x00000000036eaafc [0x00000000036e9e20+0xcdc]
J 1021 C1 com.florent.f1game.F1Game.render()V (5 bytes) @ 0x0000000003716ccc [0x0000000003716aa0+0x22c]
j  com.badlogic.gdx.backends.lwjgl.LwjglApplication.mainLoop()V+698
j  com.badlogic.gdx.backends.lwjgl.LwjglApplication$1.run()V+27
v  ~StubRoutines::call_stub

---------------  P R O C E S S  ---------------

Java Threads: ( => current thread )
  0x000000002b44b000 JavaThread "LWJGL Timer" daemon [_thread_blocked, id=7880, stack(0x000000002c3f0000,0x000000002c4f0000)]
  0x0000000003253800 JavaThread "DestroyJavaVM" [_thread_blocked, id=4652, stack(0x00000000030f0000,0x00000000031f0000)]
=>0x000000001f041800 JavaThread "LWJGL Application" [_thread_in_native, id=2208, stack(0x0000000020d80000,0x0000000020e80000)]
  0x000000001eda3800 JavaThread "Service Thread" daemon [_thread_blocked, id=13592, stack(0x000000001f900000,0x000000001fa00000)]
  0x000000001ed19800 JavaThread "C1 CompilerThread3" daemon [_thread_blocked, id=8668, stack(0x000000001f800000,0x000000001f900000)]
  0x000000001ed13800 JavaThread "C2 CompilerThread2" daemon [_thread_blocked, id=9672, stack(0x000000001f700000,0x000000001f800000)]
  0x000000001ed12800 JavaThread "C2 CompilerThread1" daemon [_thread_blocked, id=10428, stack(0x000000001f600000,0x000000001f700000)]
  0x000000001ed0e000 JavaThread "C2 CompilerThread0" daemon [_thread_blocked, id=4972, stack(0x000000001f500000,0x000000001f600000)]
  0x000000001ed0d000 JavaThread "Attach Listener" daemon [_thread_blocked, id=11788, stack(0x000000001f400000,0x000000001f500000)]
  0x000000001ed0c000 JavaThread "Signal Dispatcher" daemon [_thread_blocked, id=6368, stack(0x000000001f300000,0x000000001f400000)]
  0x000000001ed00800 JavaThread "Finalizer" daemon [_thread_blocked, id=236, stack(0x000000001f0e0000,0x000000001f1e0000)]
  0x000000001cded000 JavaThread "Reference Handler" daemon [_thread_blocked, id=10444, stack(0x000000001ebe0000,0x000000001ece0000)]

Other Threads:
  0x000000001cde9000 VMThread [stack: 0x000000001eae0000,0x000000001ebe0000] [id=11876]
  0x000000001edb6800 WatcherThread [stack: 0x000000001fb70000,0x000000001fc70000] [id=7184]

VM state:not at safepoint (normal execution)

VM Mutex/Monitor currently owned by a thread: None

Heap:
 PSYoungGen      total 76288K, used 21717K [0x000000076af80000, 0x0000000770480000, 0x00000007c0000000)
  eden space 65536K, 33% used [0x000000076af80000,0x000000076c4b5460,0x000000076ef80000)
  from space 10752K, 0% used [0x000000076fa00000,0x000000076fa00000,0x0000000770480000)
  to   space 10752K, 0% used [0x000000076ef80000,0x000000076ef80000,0x000000076fa00000)
 ParOldGen       total 175104K, used 0K [0x00000006c0e00000, 0x00000006cb900000, 0x000000076af80000)
  object space 175104K, 0% used [0x00000006c0e00000,0x00000006c0e00000,0x00000006cb900000)
 Metaspace       used 8334K, capacity 8479K, committed 8576K, reserved 1056768K
  class space    used 802K, capacity 852K, committed 896K, reserved 1048576K

Card table byte_map: [0x0000000012710000,0x0000000012f10000] byte_map_base: 0x000000000f109000

Marking Bits: (ParMarkBitMap*) 0x0000000061caf860
 Begin Bits: [0x0000000013c70000, 0x0000000017c38000)
 End Bits:   [0x0000000017c38000, 0x000000001bc00000)

Polling page: 0x00000000013f0000

CodeCache: size=245760Kb used=4096Kb max_used=4110Kb free=241663Kb
 bounds [0x0000000003350000, 0x0000000003760000, 0x0000000012350000]
 total_blobs=1542 nmethods=1037 adapters=417
 compilation: enabled

Compilation events (10 events):
Event: 11.317 Thread 0x000000001ed19800 1033       3       java.nio.Bits::int2 (6 bytes)
Event: 11.317 Thread 0x000000001ed19800 nmethod 1033 0x00000000037358d0 code [0x0000000003735a20, 0x0000000003735b70]
Event: 11.318 Thread 0x000000001ed19800 1034       3       java.nio.Bits::int1 (6 bytes)
Event: 11.318 Thread 0x000000001ed19800 nmethod 1034 0x00000000037355d0 code [0x0000000003735720, 0x0000000003735870]
Event: 11.318 Thread 0x000000001ed19800 1035       3       java.nio.Bits::int0 (3 bytes)
Event: 11.318 Thread 0x000000001ed19800 nmethod 1035 0x00000000037352d0 code [0x0000000003735420, 0x0000000003735550]
Event: 11.318 Thread 0x000000001ed19800 1036       3       java.nio.HeapByteBuffer::getInt (18 bytes)
Event: 11.320 Thread 0x000000001ed19800 nmethod 1036 0x0000000003732250 code [0x0000000003732460, 0x0000000003732dc8]
Event: 11.599 Thread 0x000000001ed13800 1037       4       com.badlogic.gdx.utils.LongMap::get (88 bytes)
Event: 11.604 Thread 0x000000001ed13800 nmethod 1037 0x0000000003734dd0 code [0x0000000003734f20, 0x0000000003735118]

GC Heap History (0 events):
No events

Deoptimization events (2 events):
Event: 0.064 Thread 0x0000000003253800 Uncommon trap: reason=unstable_if action=reinterpret pc=0x00000000034720c4 method=java.lang.String.hashCode()I @ 14
Event: 2.493 Thread 0x000000001f041800 Uncommon trap: reason=unstable_if action=reinterpret pc=0x0000000003513e20 method=sun.misc.MetaIndex.mayContain(Ljava/lang/String;)Z @ 38

Classes redefined (0 events):
No events

Internal exceptions (10 events):
Event: 0.098 Thread 0x0000000003253800 Exception <a 'java/security/PrivilegedActionException'> (0x000000076b31fbe0) thrown at [C:\re\workspace\8-2-build-windows-amd64-cygwin\jdk8u161\10277\hotspot\src\share\vm\prims\jvm.cpp, line 1390]
Event: 0.098 Thread 0x0000000003253800 Exception <a 'java/security/PrivilegedActionException'> (0x000000076b31fdf0) thrown at [C:\re\workspace\8-2-build-windows-amd64-cygwin\jdk8u161\10277\hotspot\src\share\vm\prims\jvm.cpp, line 1390]
Event: 0.098 Thread 0x0000000003253800 Exception <a 'java/security/PrivilegedActionException'> (0x000000076b323a60) thrown at [C:\re\workspace\8-2-build-windows-amd64-cygwin\jdk8u161\10277\hotspot\src\share\vm\prims\jvm.cpp, line 1390]
Event: 0.098 Thread 0x0000000003253800 Exception <a 'java/security/PrivilegedActionException'> (0x000000076b323c70) thrown at [C:\re\workspace\8-2-build-windows-amd64-cygwin\jdk8u161\10277\hotspot\src\share\vm\prims\jvm.cpp, line 1390]
Event: 0.161 Thread 0x0000000003253800 Exception <a 'java/security/PrivilegedActionException'> (0x000000076b448ce0) thrown at [C:\re\workspace\8-2-build-windows-amd64-cygwin\jdk8u161\10277\hotspot\src\share\vm\prims\jvm.cpp, line 1390]
Event: 0.161 Thread 0x0000000003253800 Exception <a 'java/security/PrivilegedActionException'> (0x000000076b44a9b8) thrown at [C:\re\workspace\8-2-build-windows-amd64-cygwin\jdk8u161\10277\hotspot\src\share\vm\prims\jvm.cpp, line 1390]
Event: 0.161 Thread 0x0000000003253800 Exception <a 'java/security/PrivilegedActionException'> (0x000000076b44bb28) thrown at [C:\re\workspace\8-2-build-windows-amd64-cygwin\jdk8u161\10277\hotspot\src\share\vm\prims\jvm.cpp, line 1390]
Event: 0.161 Thread 0x0000000003253800 Exception <a 'java/security/PrivilegedActionException'> (0x000000076b450c90) thrown at [C:\re\workspace\8-2-build-windows-amd64-cygwin\jdk8u161\10277\hotspot\src\share\vm\prims\jvm.cpp, line 1390]
Event: 0.161 Thread 0x0000000003253800 Exception <a 'java/security/PrivilegedActionException'> (0x000000076b4518e8) thrown at [C:\re\workspace\8-2-build-windows-amd64-cygwin\jdk8u161\10277\hotspot\src\share\vm\prims\jvm.cpp, line 1390]
Event: 0.161 Thread 0x0000000003253800 Exception <a 'java/security/PrivilegedActionException'> (0x000000076b452510) thrown at [C:\re\workspace\8-2-build-windows-amd64-cygwin\jdk8u161\10277\hotspot\src\share\vm\prims\jvm.cpp, line 1390]

Events (10 events):
Event: 3.584 loading class org/lwjgl/opengl/WindowsKeycodes
Event: 3.584 loading class org/lwjgl/opengl/WindowsKeycodes done
Event: 3.586 loading class com/badlogic/gdx/backends/lwjgl/LwjglInput$KeyEvent
Event: 3.586 loading class com/badlogic/gdx/backends/lwjgl/LwjglInput$KeyEvent done
Event: 4.120 Executing VM operation: EnableBiasedLocking
Event: 4.120 Executing VM operation: EnableBiasedLocking done
Event: 10.449 Thread 0x000000001f041800 DEOPT PACKING pc=0x00000000036b6961 sp=0x0000000020e7e9c0
Event: 10.449 Thread 0x000000001f041800 DEOPT UNPACKING pc=0x0000000003397890 sp=0x0000000020e7e728 mode 0
Event: 11.015 Thread 0x000000001f041800 DEOPT PACKING pc=0x00000000036afa04 sp=0x0000000020e7ea50
Event: 11.015 Thread 0x000000001f041800 DEOPT UNPACKING pc=0x0000000003397890 sp=0x0000000020e7e810 mode 0


Dynamic libraries:
0x00007ff6310f0000 - 0x00007ff631127000 	C:\Program Files\Java\jre1.8.0_161\bin\javaw.exe
0x00007fffec850000 - 0x00007fffeca31000 	C:\WINDOWS\SYSTEM32\ntdll.dll
0x00007fffea1d0000 - 0x00007fffea282000 	C:\WINDOWS\System32\KERNEL32.DLL
0x00007fffe8cd0000 - 0x00007fffe8f43000 	C:\WINDOWS\System32\KERNELBASE.dll
0x00007fffeaf90000 - 0x00007fffeb031000 	C:\WINDOWS\System32\ADVAPI32.dll
0x00007fffec780000 - 0x00007fffec81e000 	C:\WINDOWS\System32\msvcrt.dll
0x00007fffec4e0000 - 0x00007fffec53b000 	C:\WINDOWS\System32\sechost.dll
0x00007fffea530000 - 0x00007fffea654000 	C:\WINDOWS\System32\RPCRT4.dll
0x00007fffec5f0000 - 0x00007fffec780000 	C:\WINDOWS\System32\USER32.dll
0x00007fffe9ad0000 - 0x00007fffe9af0000 	C:\WINDOWS\System32\win32u.dll
0x00007fffea290000 - 0x00007fffea2b8000 	C:\WINDOWS\System32\GDI32.dll
0x00007fffe96c0000 - 0x00007fffe9852000 	C:\WINDOWS\System32\gdi32full.dll
0x00007fffe9c40000 - 0x00007fffe9cdf000 	C:\WINDOWS\System32\msvcp_win.dll
0x00007fffe9af0000 - 0x00007fffe9bea000 	C:\WINDOWS\System32\ucrtbase.dll
0x00007fffd5b00000 - 0x00007fffd5d69000 	C:\WINDOWS\WinSxS\amd64_microsoft.windows.common-controls_6595b64144ccf1df_6.0.17134.48_none_b4b2216a3cb4dd3e\COMCTL32.dll
0x00007fffeac60000 - 0x00007fffeaf83000 	C:\WINDOWS\System32\combase.dll
0x00007fffe9860000 - 0x00007fffe98da000 	C:\WINDOWS\System32\bcryptPrimitives.dll
0x00007fffea680000 - 0x00007fffea6ad000 	C:\WINDOWS\System32\IMM32.DLL
0x0000000061350000 - 0x0000000061422000 	C:\Program Files\Java\jre1.8.0_161\bin\msvcr100.dll
0x0000000061490000 - 0x0000000061d2f000 	C:\Program Files\Java\jre1.8.0_161\bin\server\jvm.dll
0x00007fffea140000 - 0x00007fffea148000 	C:\WINDOWS\System32\PSAPI.DLL
0x00007fffe0430000 - 0x00007fffe0439000 	C:\WINDOWS\SYSTEM32\WSOCK32.dll
0x00007fffe2d60000 - 0x00007fffe2d6a000 	C:\WINDOWS\SYSTEM32\VERSION.dll
0x00007fffe08e0000 - 0x00007fffe0903000 	C:\WINDOWS\SYSTEM32\WINMM.dll
0x00007fffe9f30000 - 0x00007fffe9f9c000 	C:\WINDOWS\System32\WS2_32.dll
0x00007fffe08b0000 - 0x00007fffe08da000 	C:\WINDOWS\SYSTEM32\winmmbase.dll
0x00007fffe9bf0000 - 0x00007fffe9c39000 	C:\WINDOWS\System32\cfgmgr32.dll
0x0000000062c70000 - 0x0000000062c7f000 	C:\Program Files\Java\jre1.8.0_161\bin\verify.dll
0x0000000062c40000 - 0x0000000062c69000 	C:\Program Files\Java\jre1.8.0_161\bin\java.dll
0x0000000062c20000 - 0x0000000062c36000 	C:\Program Files\Java\jre1.8.0_161\bin\zip.dll
0x00007fffeb040000 - 0x00007fffec480000 	C:\WINDOWS\System32\SHELL32.dll
0x00007fffe9e80000 - 0x00007fffe9f29000 	C:\WINDOWS\System32\shcore.dll
0x00007fffe8f50000 - 0x00007fffe965d000 	C:\WINDOWS\System32\windows.storage.dll
0x00007fffea0e0000 - 0x00007fffea131000 	C:\WINDOWS\System32\shlwapi.dll
0x00007fffe8be0000 - 0x00007fffe8bf1000 	C:\WINDOWS\System32\kernel.appcore.dll
0x00007fffe8bc0000 - 0x00007fffe8bdf000 	C:\WINDOWS\System32\profapi.dll
0x00007fffe8b70000 - 0x00007fffe8bbc000 	C:\WINDOWS\System32\powrprof.dll
0x00007fffe8b60000 - 0x00007fffe8b6a000 	C:\WINDOWS\System32\FLTLIB.DLL
0x0000000065580000 - 0x0000000065616000 	C:\Users\FDI\AppData\Local\Temp\libgdxFDI\12dfaa03\gdx64.dll
0x00007fffe8590000 - 0x00007fffe85a7000 	C:\WINDOWS\SYSTEM32\CRYPTSP.dll
0x00007fffe7fc0000 - 0x00007fffe7ff3000 	C:\WINDOWS\system32\rsaenh.dll
0x00007fffe86c0000 - 0x00007fffe86e5000 	C:\WINDOWS\SYSTEM32\bcrypt.dll
0x00007fffe8a90000 - 0x00007fffe8ab8000 	C:\WINDOWS\SYSTEM32\USERENV.dll
0x00007fffe85b0000 - 0x00007fffe85bb000 	C:\WINDOWS\SYSTEM32\CRYPTBASE.dll
0x0000000062c00000 - 0x0000000062c1a000 	C:\Program Files\Java\jre1.8.0_161\bin\net.dll
0x00007fffe83e0000 - 0x00007fffe8446000 	C:\WINDOWS\system32\mswsock.dll
0x00007fffe8160000 - 0x00007fffe8198000 	C:\WINDOWS\SYSTEM32\IPHLPAPI.DLL
0x00007fffec540000 - 0x00007fffec548000 	C:\WINDOWS\System32\NSI.dll
0x00007fffe4190000 - 0x00007fffe41a6000 	C:\WINDOWS\SYSTEM32\dhcpcsvc6.DLL
0x00007fffe4170000 - 0x00007fffe418a000 	C:\WINDOWS\SYSTEM32\dhcpcsvc.DLL
0x0000000061470000 - 0x0000000061481000 	C:\Program Files\Java\jre1.8.0_161\bin\nio.dll
0x0000000180000000 - 0x0000000180053000 	C:\Users\FDI\AppData\Local\Temp\libgdxFDI\dc0f0009\lwjgl64.dll
0x00007fffbf1d0000 - 0x00007fffbf2f0000 	C:\WINDOWS\SYSTEM32\OPENGL32.dll
0x00007fffe2230000 - 0x00007fffe225c000 	C:\WINDOWS\SYSTEM32\GLU32.dll
0x0000000020060000 - 0x00000000200c4000 	C:\Users\FDI\AppData\Local\Temp\libgdxFDI\dc0f0009\OpenAL64.dll
0x00007fffeab00000 - 0x00007fffeac51000 	C:\WINDOWS\System32\ole32.dll
0x00007fffe7220000 - 0x00007fffe72b8000 	C:\WINDOWS\system32\uxtheme.dll
0x00007fffec550000 - 0x00007fffec5f0000 	C:\WINDOWS\System32\clbcatq.dll
0x00007fffe2ee0000 - 0x00007fffe3094000 	C:\WINDOWS\System32\PROPSYS.dll
0x00007fffe9fa0000 - 0x00007fffea062000 	C:\WINDOWS\System32\OLEAUT32.dll
0x00007fffd5790000 - 0x00007fffd581f000 	C:\WINDOWS\SYSTEM32\dsound.dll
0x00007fffe2a00000 - 0x00007fffe2a76000 	C:\WINDOWS\System32\MMDevApi.dll
0x00007fffe8970000 - 0x00007fffe8997000 	C:\WINDOWS\System32\DEVOBJ.dll
0x00007fffbf8d0000 - 0x00007fffbf9fc000 	C:\WINDOWS\SYSTEM32\AUDIOSES.DLL
0x00007fffe4f90000 - 0x00007fffe50dd000 	C:\WINDOWS\SYSTEM32\wintypes.dll
0x00007fffe45e0000 - 0x00007fffe45ea000 	C:\WINDOWS\SYSTEM32\AVRT.dll
0x00007fffea2c0000 - 0x00007fffea435000 	C:\WINDOWS\System32\MSCTF.dll
0x00007fffe7320000 - 0x00007fffe7349000 	C:\WINDOWS\system32\dwmapi.dll
0x000000005f080000 - 0x0000000061347000 	C:\WINDOWS\SYSTEM32\nvoglv64.DLL
0x00007fffea6b0000 - 0x00007fffeaafb000 	C:\WINDOWS\System32\SETUPAPI.dll
0x00007fffe4f30000 - 0x00007fffe4f43000 	C:\WINDOWS\SYSTEM32\WTSAPI32.dll
0x00007fffe9660000 - 0x00007fffe96b7000 	C:\WINDOWS\System32\WINTRUST.dll
0x00007fffe8c00000 - 0x00007fffe8c12000 	C:\WINDOWS\System32\MSASN1.dll
0x00007fffe98e0000 - 0x00007fffe9ac2000 	C:\WINDOWS\System32\CRYPT32.dll
0x00007fffe7c50000 - 0x00007fffe7c81000 	C:\WINDOWS\SYSTEM32\ntmarta.dll
0x00007fffd1020000 - 0x00007fffd1286000 	C:\WINDOWS\system32\nvspcap64.dll
0x00007fffccfb0000 - 0x00007fffcd048000 	C:\WINDOWS\System32\TextInputFramework.dll
0x00007fffdeb30000 - 0x00007fffdee4e000 	C:\WINDOWS\System32\CoreUIComponents.dll
0x00007fffe6d10000 - 0x00007fffe6dea000 	C:\WINDOWS\System32\CoreMessaging.dll
0x00007fffe4950000 - 0x00007fffe49f8000 	C:\WINDOWS\SYSTEM32\mscms.dll
0x00007fffe5ab0000 - 0x00007fffe5ac0000 	C:\WINDOWS\SYSTEM32\ColorAdapterClient.dll
0x00007fffe21e0000 - 0x00007fffe2223000 	C:\WINDOWS\SYSTEM32\icm32.dll
0x00007fffe7cf0000 - 0x00007fffe7d46000 	C:\WINDOWS\SYSTEM32\WINSTA.dll
0x0000000066bc0000 - 0x0000000066c7b000 	C:\Users\FDI\AppData\Local\Temp\libgdxFDI\54593449\gdx-box2d64.dll
0x00007fffdb420000 - 0x00007fffdb5e9000 	C:\WINDOWS\SYSTEM32\dbghelp.dll

VM Arguments:
jvm_args: -Dfile.encoding=Cp1252 
java_command: com.florent.f1game.desktop.DesktopLauncher
java_class_path (initial): C:\Program Files\Java\jre1.8.0_161\lib\resources.jar;C:\Program Files\Java\jre1.8.0_161\lib\rt.jar;C:\Program Files\Java\jre1.8.0_161\lib\jsse.jar;C:\Program Files\Java\jre1.8.0_161\lib\jce.jar;C:\Program Files\Java\jre1.8.0_161\lib\charsets.jar;C:\Program Files\Java\jre1.8.0_161\lib\jfr.jar;C:\Program Files\Java\jre1.8.0_161\lib\ext\access-bridge-64.jar;C:\Program Files\Java\jre1.8.0_161\lib\ext\cldrdata.jar;C:\Program Files\Java\jre1.8.0_161\lib\ext\dnsns.jar;C:\Program Files\Java\jre1.8.0_161\lib\ext\jaccess.jar;C:\Program Files\Java\jre1.8.0_161\lib\ext\jfxrt.jar;C:\Program Files\Java\jre1.8.0_161\lib\ext\localedata.jar;C:\Program Files\Java\jre1.8.0_161\lib\ext\nashorn.jar;C:\Program Files\Java\jre1.8.0_161\lib\ext\sunec.jar;C:\Program Files\Java\jre1.8.0_161\lib\ext\sunjce_provider.jar;C:\Program Files\Java\jre1.8.0_161\lib\ext\sunmscapi.jar;C:\Program Files\Java\jre1.8.0_161\lib\ext\sunpkcs11.jar;C:\Program Files\Java\jre1.8.0_161\lib\ext\zipfs.jar;C:\Users\FDI\eclipse-workspace\LP24 projet\desktop\bin;C:\Users\FDI\.gradle\caches\modules-2\files-2.1\com.badlogicgames.gdx\gdx-backend-lwjgl\1.9.8\b7c138f14ed67ad830ae7597da3d86ae02b20eee\gdx-backend-lwjgl-1.9.8.jar;C:\Users\FDI\.gradle\caches\modules-2\files-2.1\com.badlogicgames.gdx\gdx-box2d-platform\1.9.8\3195b56f82751d7cd7de85edb6824d17bf479781\gdx-box2d-platform-1.9.8-natives-desktop.jar;C:\Users\FDI\.gradle\caches\modules-2\files-2.1\com.badlogicgames.gdx\gdx-box2d\1.9.8\6f0497b7958216464101adfb7bdc3a0f7b88d6d3\gdx-box2d-1.9.8.jar;C:\Users\FDI\.gradle\caches\modules-2\files-2.1\com.badlogicgames.gdx\gdx-controllers-desktop\1.9.8\631f8e4bc387dbf8a7122e2e8729ec1cdc0dc45a\gdx-controllers-desktop-1.9.8.jar;C:\Users\FDI\.gradle\caches\modules-2\files-2.1\com.badlogicgames.gdx\gdx-controllers-platform\1.9.8\deef23cee3884f579312b2987afd6a377b6eda2e\gdx-controllers-platform-1.9.8-natives-desktop.jar;C:\Users\FDI\.gradle\caches\modules-2\files-2.1\com.badlogicgames.gdx\gdx-controllers\1
Launcher Type: SUN_STANDARD

Environment Variables:
PATH=C:/Program Files/Java/jre1.8.0_161/bin/server;C:/Program Files/Java/jre1.8.0_161/bin;C:/Program Files/Java/jre1.8.0_161/lib/amd64;C:\ProgramData\Oracle\Java\javapath;C:\Program Files (x86)\Intel\iCLS Client\;C:\Program Files\Intel\iCLS Client\;C:\windows\system32;C:\windows;C:\windows\System32\Wbem;C:\windows\System32\WindowsPowerShell\v1.0\;C:\Program Files (x86)\Intel\Intel(R) Management Engine Components\DAL;C:\Program Files\Intel\Intel(R) Management Engine Components\DAL;C:\Program Files (x86)\Intel\Intel(R) Management Engine Components\IPT;C:\Program Files\Intel\Intel(R) Management Engine Components\IPT;C:\Program Files (x86)\Windows Live\Shared;C:\WINDOWS\system32;C:\WINDOWS;C:\WINDOWS\System32\Wbem;C:\WINDOWS\System32\WindowsPowerShell\v1.0\;C:\Program Files (x86)\Skype\Phone\;C:\Program Files (x86)\NVIDIA Corporation\PhysX\Common;C:\Program Files\MiKTeX 2.9\miktex\bin\x64\;C:\WINDOWS\system32;C:\WINDOWS;C:\WINDOWS\System32\Wbem;C:\WINDOWS\System32\WindowsPowerShell\v1.0\;C:\WINDOWS\System32\OpenSSH\;C:\Users\FDI\AppData\Local\Microsoft\WindowsApps;;C:\WINDOWS\System32;
USERNAME=FDI
OS=Windows_NT
PROCESSOR_IDENTIFIER=Intel64 Family 6 Model 94 Stepping 3, GenuineIntel



---------------  S Y S T E M  ---------------

OS: Windows 10.0 , 64 bit Build 17134 (10.0.17134.1)

CPU:total 8 (initial active 8) (4 cores per cpu, 2 threads per core) family 6 model 94 stepping 3, cmov, cx8, fxsr, mmx, sse, sse2, sse3, ssse3, sse4.1, sse4.2, popcnt, avx, avx2, aes, clmul, erms, rtm, 3dnowpref, lzcnt, ht, tsc, tscinvbit, bmi1, bmi2, adx

Memory: 4k page, physical 16714648k(10796732k free), swap 19205016k(10119992k free)

vm_info: Java HotSpot(TM) 64-Bit Server VM (25.161-b12) for windows-amd64 JRE (1.8.0_161-b12), built on Dec 19 2017 17:52:25 by "java_re" with MS VC++ 10.0 (VS2010)

time: Fri Jun 08 21:09:27 2018
elapsed time: 13 seconds (0d 0h 0m 13s)

