#
# A fatal error has been detected by the Java Runtime Environment:
#
#  EXCEPTION_ACCESS_VIOLATION (0xc0000005) at pc=0x0000000066be0179, pid=2384, tid=0x0000000000000634
#
# JRE version: Java(TM) SE Runtime Environment (8.0_161-b12) (build 1.8.0_161-b12)
# Java VM: Java HotSpot(TM) 64-Bit Server VM (25.161-b12 mixed mode windows-amd64 compressed oops)
# Problematic frame:
# C  [gdx-box2d64.dll+0x20179]
#
# Failed to write core dump. Minidumps are not enabled by default on client versions of Windows
#
# If you would like to submit a bug report, please visit:
#   http://bugreport.java.com/bugreport/crash.jsp
# The crash happened outside the Java Virtual Machine in native code.
# See problematic frame for where to report the bug.
#

---------------  T H R E A D  ---------------

Current thread (0x000000001e794800):  JavaThread "LWJGL Application" [_thread_in_native, id=1588, stack(0x0000000020440000,0x0000000020540000)]

siginfo: ExceptionCode=0xc0000005, reading address 0x000000001f9cea78

Registers:
RAX=0x0000000000000000, RBX=0x000000001f9cea60, RCX=0x0000000000000480, RDX=0x0000000000000006
RSP=0x000000002053ec60, RBP=0x000000001f9b0040, RSI=0x000000001f9c4738, RDI=0x000000000000010b
R8 =0x0000000000000006, R9 =0x000000001e7ae6e0, R10=0x000000001c247548, R11=0x000000002053eb40
R12=0x000000001f9b1840, R13=0x000000001f97f950, R14=0x0000000000000000, R15=0x0000000000000000
RIP=0x0000000066be0179, EFLAGS=0x0000000000010206

Top of Stack: (sp=0x000000002053ec60)
0x000000002053ec60:   0000000000000000 00007fffbf2090a0
0x000000002053ec70:   0000000900000009 0000000000000000
0x000000002053ec80:   000000003f800000 0000000000000000
0x000000002053ec90:   0000000000000000 0000000000000000
0x000000002053eca0:   0000000000000000 000000001f9666b0
0x000000002053ecb0:   000000002053ed20 000000002053ed10
0x000000002053ecc0:   000000001f97f950 0000000000000006
0x000000002053ecd0:   000000002053f0b0 00000007c00b0970
0x000000002053ece0:   000000001e794800 0000000066be4b66
0x000000002053ecf0:   0000000000000000 0000000000000100
0x000000002053ed00:   000000002053ed60 000000001e4df5f0
0x000000002053ed10:   42817ec90bf7b800 000000001e4df5f0
0x000000002053ed20:   42817ec90bf7d000 000000076af88998
0x000000002053ed30:   426fffff3c888889 000000063f800000
0x000000002053ed40:   0000000100000002 0000000000000000
0x000000002053ed50:   000000003c888889 0000000000000000 

Instructions: (pc=0x0000000066be0179)
0x0000000066be0159:   24 20 0f 28 7c 24 30 48 83 c4 48 5b 5e 5f 5d 41
0x0000000066be0169:   5c 41 5d 41 5e 41 5f c3 84 c0 0f 85 1a ff ff ff
0x0000000066be0179:   48 8b 5b 18 e9 c2 fe ff ff 48 89 f2 48 89 f9 e8
0x0000000066be0189:   e3 f5 ff ff 84 c0 74 aa 49 8b 4d 68 48 85 c9 74 


Register to memory mapping:

RAX=0x0000000000000000 is an unknown value
RBX=0x000000001f9cea60 is an unknown value
RCX=0x0000000000000480 is an unknown value
RDX=0x0000000000000006 is an unknown value
RSP=0x000000002053ec60 is pointing into the stack for thread: 0x000000001e794800
RBP=0x000000001f9b0040 is an unknown value
RSI=0x000000001f9c4738 is an unknown value
RDI=0x000000000000010b is an unknown value
R8 =0x0000000000000006 is an unknown value
R9 =0x000000001e7ae6e0 is an unknown value
R10={method} {0x000000001c247550} 'beginContact' '(J)V' in 'com/badlogic/gdx/physics/box2d/World'
R11=0x000000002053eb40 is pointing into the stack for thread: 0x000000001e794800
R12=0x000000001f9b1840 is an unknown value
R13=0x000000001f97f950 is an unknown value
R14=0x0000000000000000 is an unknown value
R15=0x0000000000000000 is an unknown value


Stack: [0x0000000020440000,0x0000000020540000],  sp=0x000000002053ec60,  free space=1019k
Native frames: (J=compiled Java code, j=interpreted, Vv=VM code, C=native code)
C  [gdx-box2d64.dll+0x20179]
C  [gdx-box2d64.dll+0x24b66]
C  [gdx-box2d64.dll+0x290d1]
C  0x0000000002e03115

Java frames: (J=compiled Java code, j=interpreted, Vv=VM code)
J 869  com.badlogic.gdx.physics.box2d.World.jniStep(JFII)V (0 bytes) @ 0x0000000002e03089 [0x0000000002e03040+0x49]
J 936 C1 com.florent.f1game.screen.GameScreen.render(F)V (453 bytes) @ 0x0000000002e37034 [0x0000000002e36e60+0x1d4]
j  com.badlogic.gdx.Game.render()V+19
j  com.florent.f1game.F1Game.render()V+1
j  com.badlogic.gdx.backends.lwjgl.LwjglApplication.mainLoop()V+698
j  com.badlogic.gdx.backends.lwjgl.LwjglApplication$1.run()V+27
v  ~StubRoutines::call_stub

---------------  P R O C E S S  ---------------

Java Threads: ( => current thread )
  0x0000000020378800 JavaThread "LWJGL Timer" daemon [_thread_blocked, id=10288, stack(0x000000002aac0000,0x000000002abc0000)]
  0x00000000029b3800 JavaThread "DestroyJavaVM" [_thread_blocked, id=14396, stack(0x0000000002800000,0x0000000002900000)]
=>0x000000001e794800 JavaThread "LWJGL Application" [_thread_in_native, id=1588, stack(0x0000000020440000,0x0000000020540000)]
  0x000000001e4f5000 JavaThread "Service Thread" daemon [_thread_blocked, id=13584, stack(0x000000001f050000,0x000000001f150000)]
  0x000000001e46c000 JavaThread "C1 CompilerThread3" daemon [_thread_blocked, id=2688, stack(0x000000001ef50000,0x000000001f050000)]
  0x000000001e464800 JavaThread "C2 CompilerThread2" daemon [_thread_blocked, id=5152, stack(0x000000001ee50000,0x000000001ef50000)]
  0x000000001e464000 JavaThread "C2 CompilerThread1" daemon [_thread_blocked, id=11396, stack(0x000000001ed50000,0x000000001ee50000)]
  0x000000001e45f800 JavaThread "C2 CompilerThread0" daemon [_thread_blocked, id=12788, stack(0x000000001ec50000,0x000000001ed50000)]
  0x000000001e45e800 JavaThread "Attach Listener" daemon [_thread_blocked, id=2232, stack(0x000000001eb50000,0x000000001ec50000)]
  0x000000001e45d800 JavaThread "Signal Dispatcher" daemon [_thread_blocked, id=14196, stack(0x000000001ea50000,0x000000001eb50000)]
  0x000000001e450800 JavaThread "Finalizer" daemon [_thread_blocked, id=11700, stack(0x000000001e830000,0x000000001e930000)]
  0x000000001c54d800 JavaThread "Reference Handler" daemon [_thread_blocked, id=4424, stack(0x000000001e330000,0x000000001e430000)]

Other Threads:
  0x000000001c549000 VMThread [stack: 0x000000001e230000,0x000000001e330000] [id=4144]
  0x000000001e510800 WatcherThread [stack: 0x000000001f2c0000,0x000000001f3c0000] [id=7136]

VM state:not at safepoint (normal execution)

VM Mutex/Monitor currently owned by a thread: None

Heap:
 PSYoungGen      total 76288K, used 23085K [0x000000076af80000, 0x0000000770480000, 0x00000007c0000000)
  eden space 65536K, 35% used [0x000000076af80000,0x000000076c60b750,0x000000076ef80000)
  from space 10752K, 0% used [0x000000076fa00000,0x000000076fa00000,0x0000000770480000)
  to   space 10752K, 0% used [0x000000076ef80000,0x000000076ef80000,0x000000076fa00000)
 ParOldGen       total 175104K, used 0K [0x00000006c0e00000, 0x00000006cb900000, 0x000000076af80000)
  object space 175104K, 0% used [0x00000006c0e00000,0x00000006c0e00000,0x00000006cb900000)
 Metaspace       used 8253K, capacity 8415K, committed 8576K, reserved 1056768K
  class space    used 804K, capacity 852K, committed 896K, reserved 1048576K

Card table byte_map: [0x0000000011e70000,0x0000000012670000] byte_map_base: 0x000000000e869000

Marking Bits: (ParMarkBitMap*) 0x0000000061caf860
 Begin Bits: [0x00000000133d0000, 0x0000000017398000)
 End Bits:   [0x0000000017398000, 0x000000001b360000)

Polling page: 0x0000000000aa0000

CodeCache: size=245760Kb used=3678Kb max_used=3691Kb free=242081Kb
 bounds [0x0000000002ab0000, 0x0000000002e50000, 0x0000000011ab0000]
 total_blobs=1462 nmethods=958 adapters=417
 compilation: enabled

Compilation events (10 events):
Event: 7.059 Thread 0x000000001e45f800  957 %     4       sun.nio.cs.SingleByte$Decoder::decodeArrayLoop @ 88 (154 bytes)
Event: 7.059 Thread 0x000000001e46c000 nmethod 954 0x0000000002e48d10 code [0x0000000002e48e80, 0x0000000002e49030]
Event: 7.059 Thread 0x000000001e46c000  955       3       java.util.regex.Pattern$CharProperty::match (56 bytes)
Event: 7.059 Thread 0x000000001e46c000 nmethod 955 0x0000000002e48510 code [0x0000000002e486a0, 0x0000000002e48b88]
Event: 7.059 Thread 0x000000001e46c000  956       3       java.lang.Character::codePointAt (51 bytes)
Event: 7.059 Thread 0x000000001e46c000 nmethod 956 0x0000000002e47b10 code [0x0000000002e47cc0, 0x0000000002e48368]
Event: 7.059 Thread 0x000000001e46c000  958  s    3       java.io.BufferedInputStream::read (113 bytes)
Event: 7.060 Thread 0x000000001e46c000 nmethod 958 0x0000000002e46bd0 code [0x0000000002e46dc0, 0x0000000002e47738]
Event: 7.060 Thread 0x000000001e46c000  959       3       java.io.BufferedInputStream::read1 (108 bytes)
Event: 7.060 Thread 0x000000001e46c000 nmethod 959 0x0000000002e49cd0 code [0x0000000002e49ee0, 0x0000000002e4a7d8]

GC Heap History (0 events):
No events

Deoptimization events (6 events):
Event: 0.060 Thread 0x00000000029b3800 Uncommon trap: reason=unstable_if action=reinterpret pc=0x0000000002bcfac4 method=java.lang.String.hashCode()I @ 14
Event: 1.413 Thread 0x000000001e794800 Uncommon trap: reason=unstable_if action=reinterpret pc=0x0000000002c75570 method=sun.misc.MetaIndex.mayContain(Ljava/lang/String;)Z @ 38
Event: 7.062 Thread 0x000000001e794800 Uncommon trap: reason=array_check action=maybe_recompile pc=0x0000000002db7dd0 method=com.badlogic.gdx.utils.Array.add(Ljava/lang/Object;)V @ 46
Event: 7.062 Thread 0x000000001e794800 Uncommon trap: reason=array_check action=maybe_recompile pc=0x0000000002db7dd0 method=com.badlogic.gdx.utils.Array.add(Ljava/lang/Object;)V @ 46
Event: 7.063 Thread 0x000000001e794800 Uncommon trap: reason=array_check action=maybe_recompile pc=0x0000000002db7dd0 method=com.badlogic.gdx.utils.Array.add(Ljava/lang/Object;)V @ 46
Event: 7.063 Thread 0x000000001e794800 Uncommon trap: reason=array_check action=maybe_recompile pc=0x0000000002db7dd0 method=com.badlogic.gdx.utils.Array.add(Ljava/lang/Object;)V @ 46

Classes redefined (0 events):
No events

Internal exceptions (10 events):
Event: 0.092 Thread 0x00000000029b3800 Exception <a 'java/security/PrivilegedActionException'> (0x000000076b31fbe0) thrown at [C:\re\workspace\8-2-build-windows-amd64-cygwin\jdk8u161\10277\hotspot\src\share\vm\prims\jvm.cpp, line 1390]
Event: 0.092 Thread 0x00000000029b3800 Exception <a 'java/security/PrivilegedActionException'> (0x000000076b31fdf0) thrown at [C:\re\workspace\8-2-build-windows-amd64-cygwin\jdk8u161\10277\hotspot\src\share\vm\prims\jvm.cpp, line 1390]
Event: 0.093 Thread 0x00000000029b3800 Exception <a 'java/security/PrivilegedActionException'> (0x000000076b323a60) thrown at [C:\re\workspace\8-2-build-windows-amd64-cygwin\jdk8u161\10277\hotspot\src\share\vm\prims\jvm.cpp, line 1390]
Event: 0.093 Thread 0x00000000029b3800 Exception <a 'java/security/PrivilegedActionException'> (0x000000076b323c70) thrown at [C:\re\workspace\8-2-build-windows-amd64-cygwin\jdk8u161\10277\hotspot\src\share\vm\prims\jvm.cpp, line 1390]
Event: 0.151 Thread 0x00000000029b3800 Exception <a 'java/security/PrivilegedActionException'> (0x000000076b449090) thrown at [C:\re\workspace\8-2-build-windows-amd64-cygwin\jdk8u161\10277\hotspot\src\share\vm\prims\jvm.cpp, line 1390]
Event: 0.151 Thread 0x00000000029b3800 Exception <a 'java/security/PrivilegedActionException'> (0x000000076b44ad68) thrown at [C:\re\workspace\8-2-build-windows-amd64-cygwin\jdk8u161\10277\hotspot\src\share\vm\prims\jvm.cpp, line 1390]
Event: 0.151 Thread 0x00000000029b3800 Exception <a 'java/security/PrivilegedActionException'> (0x000000076b44bed8) thrown at [C:\re\workspace\8-2-build-windows-amd64-cygwin\jdk8u161\10277\hotspot\src\share\vm\prims\jvm.cpp, line 1390]
Event: 0.151 Thread 0x00000000029b3800 Exception <a 'java/security/PrivilegedActionException'> (0x000000076b451040) thrown at [C:\re\workspace\8-2-build-windows-amd64-cygwin\jdk8u161\10277\hotspot\src\share\vm\prims\jvm.cpp, line 1390]
Event: 0.151 Thread 0x00000000029b3800 Exception <a 'java/security/PrivilegedActionException'> (0x000000076b451c98) thrown at [C:\re\workspace\8-2-build-windows-amd64-cygwin\jdk8u161\10277\hotspot\src\share\vm\prims\jvm.cpp, line 1390]
Event: 0.151 Thread 0x00000000029b3800 Exception <a 'java/security/PrivilegedActionException'> (0x000000076b4528c0) thrown at [C:\re\workspace\8-2-build-windows-amd64-cygwin\jdk8u161\10277\hotspot\src\share\vm\prims\jvm.cpp, line 1390]

Events (10 events):
Event: 7.062 Thread 0x000000001e794800 DEOPT PACKING pc=0x0000000002db7dd0 sp=0x000000002053e290
Event: 7.062 Thread 0x000000001e794800 DEOPT UNPACKING pc=0x0000000002af583b sp=0x000000002053e220 mode 2
Event: 7.062 loading class com/florent/f1game/screen/GameOverScreen$2
Event: 7.062 loading class com/florent/f1game/screen/GameOverScreen$2 done
Event: 7.063 Thread 0x000000001e794800 Uncommon trap: trap_request=0xffffffd6 fr.pc=0x0000000002db7dd0
Event: 7.063 Thread 0x000000001e794800 DEOPT PACKING pc=0x0000000002db7dd0 sp=0x000000002053e350
Event: 7.063 Thread 0x000000001e794800 DEOPT UNPACKING pc=0x0000000002af583b sp=0x000000002053e2e0 mode 2
Event: 7.063 Thread 0x000000001e794800 Uncommon trap: trap_request=0xffffffd6 fr.pc=0x0000000002db7dd0
Event: 7.063 Thread 0x000000001e794800 DEOPT PACKING pc=0x0000000002db7dd0 sp=0x000000002053e350
Event: 7.063 Thread 0x000000001e794800 DEOPT UNPACKING pc=0x0000000002af583b sp=0x000000002053e2e0 mode 2


Dynamic libraries:
0x00007ff6310f0000 - 0x00007ff631127000 	C:\Program Files\Java\jre1.8.0_161\bin\javaw.exe
0x00007fffec850000 - 0x00007fffeca31000 	C:\WINDOWS\SYSTEM32\ntdll.dll
0x00007fffea1d0000 - 0x00007fffea282000 	C:\WINDOWS\System32\KERNEL32.DLL
0x00007fffe8cd0000 - 0x00007fffe8f43000 	C:\WINDOWS\System32\KERNELBASE.dll
0x00007fffeaf90000 - 0x00007fffeb031000 	C:\WINDOWS\System32\ADVAPI32.dll
0x00007fffec780000 - 0x00007fffec81e000 	C:\WINDOWS\System32\msvcrt.dll
0x00007fffec4e0000 - 0x00007fffec53b000 	C:\WINDOWS\System32\sechost.dll
0x00007fffea530000 - 0x00007fffea654000 	C:\WINDOWS\System32\RPCRT4.dll
0x00007fffec5f0000 - 0x00007fffec780000 	C:\WINDOWS\System32\USER32.dll
0x00007fffe9ad0000 - 0x00007fffe9af0000 	C:\WINDOWS\System32\win32u.dll
0x00007fffea290000 - 0x00007fffea2b8000 	C:\WINDOWS\System32\GDI32.dll
0x00007fffe96c0000 - 0x00007fffe9852000 	C:\WINDOWS\System32\gdi32full.dll
0x00007fffe9c40000 - 0x00007fffe9cdf000 	C:\WINDOWS\System32\msvcp_win.dll
0x00007fffe9af0000 - 0x00007fffe9bea000 	C:\WINDOWS\System32\ucrtbase.dll
0x00007fffd5b00000 - 0x00007fffd5d69000 	C:\WINDOWS\WinSxS\amd64_microsoft.windows.common-controls_6595b64144ccf1df_6.0.17134.48_none_b4b2216a3cb4dd3e\COMCTL32.dll
0x00007fffeac60000 - 0x00007fffeaf83000 	C:\WINDOWS\System32\combase.dll
0x00007fffe9860000 - 0x00007fffe98da000 	C:\WINDOWS\System32\bcryptPrimitives.dll
0x00007fffea680000 - 0x00007fffea6ad000 	C:\WINDOWS\System32\IMM32.DLL
0x0000000061350000 - 0x0000000061422000 	C:\Program Files\Java\jre1.8.0_161\bin\msvcr100.dll
0x0000000061490000 - 0x0000000061d2f000 	C:\Program Files\Java\jre1.8.0_161\bin\server\jvm.dll
0x00007fffea140000 - 0x00007fffea148000 	C:\WINDOWS\System32\PSAPI.DLL
0x00007fffe0430000 - 0x00007fffe0439000 	C:\WINDOWS\SYSTEM32\WSOCK32.dll
0x00007fffe2d60000 - 0x00007fffe2d6a000 	C:\WINDOWS\SYSTEM32\VERSION.dll
0x00007fffe08e0000 - 0x00007fffe0903000 	C:\WINDOWS\SYSTEM32\WINMM.dll
0x00007fffe9f30000 - 0x00007fffe9f9c000 	C:\WINDOWS\System32\WS2_32.dll
0x00007fffe08b0000 - 0x00007fffe08da000 	C:\WINDOWS\SYSTEM32\winmmbase.dll
0x00007fffe9bf0000 - 0x00007fffe9c39000 	C:\WINDOWS\System32\cfgmgr32.dll
0x0000000062c70000 - 0x0000000062c7f000 	C:\Program Files\Java\jre1.8.0_161\bin\verify.dll
0x0000000062c40000 - 0x0000000062c69000 	C:\Program Files\Java\jre1.8.0_161\bin\java.dll
0x0000000062c20000 - 0x0000000062c36000 	C:\Program Files\Java\jre1.8.0_161\bin\zip.dll
0x00007fffeb040000 - 0x00007fffec480000 	C:\WINDOWS\System32\SHELL32.dll
0x00007fffe9e80000 - 0x00007fffe9f29000 	C:\WINDOWS\System32\shcore.dll
0x00007fffe8f50000 - 0x00007fffe965d000 	C:\WINDOWS\System32\windows.storage.dll
0x00007fffea0e0000 - 0x00007fffea131000 	C:\WINDOWS\System32\shlwapi.dll
0x00007fffe8be0000 - 0x00007fffe8bf1000 	C:\WINDOWS\System32\kernel.appcore.dll
0x00007fffe8bc0000 - 0x00007fffe8bdf000 	C:\WINDOWS\System32\profapi.dll
0x00007fffe8b70000 - 0x00007fffe8bbc000 	C:\WINDOWS\System32\powrprof.dll
0x00007fffe8b60000 - 0x00007fffe8b6a000 	C:\WINDOWS\System32\FLTLIB.DLL
0x0000000065580000 - 0x0000000065616000 	C:\Users\FDI\AppData\Local\Temp\libgdxFDI\12dfaa03\gdx64.dll
0x00007fffe8590000 - 0x00007fffe85a7000 	C:\WINDOWS\SYSTEM32\CRYPTSP.dll
0x00007fffe7fc0000 - 0x00007fffe7ff3000 	C:\WINDOWS\system32\rsaenh.dll
0x00007fffe86c0000 - 0x00007fffe86e5000 	C:\WINDOWS\SYSTEM32\bcrypt.dll
0x00007fffe8a90000 - 0x00007fffe8ab8000 	C:\WINDOWS\SYSTEM32\USERENV.dll
0x00007fffe85b0000 - 0x00007fffe85bb000 	C:\WINDOWS\SYSTEM32\CRYPTBASE.dll
0x0000000062c00000 - 0x0000000062c1a000 	C:\Program Files\Java\jre1.8.0_161\bin\net.dll
0x00007fffe83e0000 - 0x00007fffe8446000 	C:\WINDOWS\system32\mswsock.dll
0x00007fffe8160000 - 0x00007fffe8198000 	C:\WINDOWS\SYSTEM32\IPHLPAPI.DLL
0x00007fffec540000 - 0x00007fffec548000 	C:\WINDOWS\System32\NSI.dll
0x00007fffe4190000 - 0x00007fffe41a6000 	C:\WINDOWS\SYSTEM32\dhcpcsvc6.DLL
0x00007fffe4170000 - 0x00007fffe418a000 	C:\WINDOWS\SYSTEM32\dhcpcsvc.DLL
0x0000000061470000 - 0x0000000061481000 	C:\Program Files\Java\jre1.8.0_161\bin\nio.dll
0x0000000180000000 - 0x0000000180053000 	C:\Users\FDI\AppData\Local\Temp\libgdxFDI\dc0f0009\lwjgl64.dll
0x00007fffbf1d0000 - 0x00007fffbf2f0000 	C:\WINDOWS\SYSTEM32\OPENGL32.dll
0x00007fffe2230000 - 0x00007fffe225c000 	C:\WINDOWS\SYSTEM32\GLU32.dll
0x000000001f700000 - 0x000000001f764000 	C:\Users\FDI\AppData\Local\Temp\libgdxFDI\dc0f0009\OpenAL64.dll
0x00007fffeab00000 - 0x00007fffeac51000 	C:\WINDOWS\System32\ole32.dll
0x00007fffe7220000 - 0x00007fffe72b8000 	C:\WINDOWS\system32\uxtheme.dll
0x00007fffec550000 - 0x00007fffec5f0000 	C:\WINDOWS\System32\clbcatq.dll
0x00007fffe2ee0000 - 0x00007fffe3094000 	C:\WINDOWS\System32\PROPSYS.dll
0x00007fffe9fa0000 - 0x00007fffea062000 	C:\WINDOWS\System32\OLEAUT32.dll
0x00007fffd5790000 - 0x00007fffd581f000 	C:\WINDOWS\SYSTEM32\dsound.dll
0x00007fffe2a00000 - 0x00007fffe2a76000 	C:\WINDOWS\System32\MMDevApi.dll
0x00007fffe8970000 - 0x00007fffe8997000 	C:\WINDOWS\System32\DEVOBJ.dll
0x00007fffbf8d0000 - 0x00007fffbf9fc000 	C:\WINDOWS\SYSTEM32\AUDIOSES.DLL
0x00007fffe4f90000 - 0x00007fffe50dd000 	C:\WINDOWS\SYSTEM32\wintypes.dll
0x00007fffe45e0000 - 0x00007fffe45ea000 	C:\WINDOWS\SYSTEM32\AVRT.dll
0x00007fffea2c0000 - 0x00007fffea435000 	C:\WINDOWS\System32\MSCTF.dll
0x00007fffe7320000 - 0x00007fffe7349000 	C:\WINDOWS\system32\dwmapi.dll
0x000000005f080000 - 0x0000000061347000 	C:\WINDOWS\SYSTEM32\nvoglv64.DLL
0x00007fffea6b0000 - 0x00007fffeaafb000 	C:\WINDOWS\System32\SETUPAPI.dll
0x00007fffe4f30000 - 0x00007fffe4f43000 	C:\WINDOWS\SYSTEM32\WTSAPI32.dll
0x00007fffe9660000 - 0x00007fffe96b7000 	C:\WINDOWS\System32\WINTRUST.dll
0x00007fffe8c00000 - 0x00007fffe8c12000 	C:\WINDOWS\System32\MSASN1.dll
0x00007fffe98e0000 - 0x00007fffe9ac2000 	C:\WINDOWS\System32\CRYPT32.dll
0x00007fffe7c50000 - 0x00007fffe7c81000 	C:\WINDOWS\SYSTEM32\ntmarta.dll
0x00007fffd1020000 - 0x00007fffd1286000 	C:\WINDOWS\system32\nvspcap64.dll
0x00007fffccfb0000 - 0x00007fffcd048000 	C:\WINDOWS\System32\TextInputFramework.dll
0x00007fffdeb30000 - 0x00007fffdee4e000 	C:\WINDOWS\System32\CoreUIComponents.dll
0x00007fffe6d10000 - 0x00007fffe6dea000 	C:\WINDOWS\System32\CoreMessaging.dll
0x00007fffe4950000 - 0x00007fffe49f8000 	C:\WINDOWS\SYSTEM32\mscms.dll
0x00007fffe5ab0000 - 0x00007fffe5ac0000 	C:\WINDOWS\SYSTEM32\ColorAdapterClient.dll
0x00007fffe21e0000 - 0x00007fffe2223000 	C:\WINDOWS\SYSTEM32\icm32.dll
0x00007fffe7cf0000 - 0x00007fffe7d46000 	C:\WINDOWS\SYSTEM32\WINSTA.dll
0x0000000066bc0000 - 0x0000000066c7b000 	C:\Users\FDI\AppData\Local\Temp\libgdxFDI\54593449\gdx-box2d64.dll
0x00007fffdb420000 - 0x00007fffdb5e9000 	C:\WINDOWS\SYSTEM32\dbghelp.dll

VM Arguments:
jvm_args: -Dfile.encoding=Cp1252 
java_command: com.florent.f1game.desktop.DesktopLauncher
java_class_path (initial): C:\Program Files\Java\jre1.8.0_161\lib\resources.jar;C:\Program Files\Java\jre1.8.0_161\lib\rt.jar;C:\Program Files\Java\jre1.8.0_161\lib\jsse.jar;C:\Program Files\Java\jre1.8.0_161\lib\jce.jar;C:\Program Files\Java\jre1.8.0_161\lib\charsets.jar;C:\Program Files\Java\jre1.8.0_161\lib\jfr.jar;C:\Program Files\Java\jre1.8.0_161\lib\ext\access-bridge-64.jar;C:\Program Files\Java\jre1.8.0_161\lib\ext\cldrdata.jar;C:\Program Files\Java\jre1.8.0_161\lib\ext\dnsns.jar;C:\Program Files\Java\jre1.8.0_161\lib\ext\jaccess.jar;C:\Program Files\Java\jre1.8.0_161\lib\ext\jfxrt.jar;C:\Program Files\Java\jre1.8.0_161\lib\ext\localedata.jar;C:\Program Files\Java\jre1.8.0_161\lib\ext\nashorn.jar;C:\Program Files\Java\jre1.8.0_161\lib\ext\sunec.jar;C:\Program Files\Java\jre1.8.0_161\lib\ext\sunjce_provider.jar;C:\Program Files\Java\jre1.8.0_161\lib\ext\sunmscapi.jar;C:\Program Files\Java\jre1.8.0_161\lib\ext\sunpkcs11.jar;C:\Program Files\Java\jre1.8.0_161\lib\ext\zipfs.jar;C:\Users\FDI\eclipse-workspace\LP24 projet\desktop\bin;C:\Users\FDI\.gradle\caches\modules-2\files-2.1\com.badlogicgames.gdx\gdx-backend-lwjgl\1.9.8\b7c138f14ed67ad830ae7597da3d86ae02b20eee\gdx-backend-lwjgl-1.9.8.jar;C:\Users\FDI\.gradle\caches\modules-2\files-2.1\com.badlogicgames.gdx\gdx-box2d-platform\1.9.8\3195b56f82751d7cd7de85edb6824d17bf479781\gdx-box2d-platform-1.9.8-natives-desktop.jar;C:\Users\FDI\.gradle\caches\modules-2\files-2.1\com.badlogicgames.gdx\gdx-box2d\1.9.8\6f0497b7958216464101adfb7bdc3a0f7b88d6d3\gdx-box2d-1.9.8.jar;C:\Users\FDI\.gradle\caches\modules-2\files-2.1\com.badlogicgames.gdx\gdx-controllers-desktop\1.9.8\631f8e4bc387dbf8a7122e2e8729ec1cdc0dc45a\gdx-controllers-desktop-1.9.8.jar;C:\Users\FDI\.gradle\caches\modules-2\files-2.1\com.badlogicgames.gdx\gdx-controllers-platform\1.9.8\deef23cee3884f579312b2987afd6a377b6eda2e\gdx-controllers-platform-1.9.8-natives-desktop.jar;C:\Users\FDI\.gradle\caches\modules-2\files-2.1\com.badlogicgames.gdx\gdx-controllers\1
Launcher Type: SUN_STANDARD

Environment Variables:
PATH=C:/Program Files/Java/jre1.8.0_161/bin/server;C:/Program Files/Java/jre1.8.0_161/bin;C:/Program Files/Java/jre1.8.0_161/lib/amd64;C:\ProgramData\Oracle\Java\javapath;C:\Program Files (x86)\Intel\iCLS Client\;C:\Program Files\Intel\iCLS Client\;C:\windows\system32;C:\windows;C:\windows\System32\Wbem;C:\windows\System32\WindowsPowerShell\v1.0\;C:\Program Files (x86)\Intel\Intel(R) Management Engine Components\DAL;C:\Program Files\Intel\Intel(R) Management Engine Components\DAL;C:\Program Files (x86)\Intel\Intel(R) Management Engine Components\IPT;C:\Program Files\Intel\Intel(R) Management Engine Components\IPT;C:\Program Files (x86)\Windows Live\Shared;C:\WINDOWS\system32;C:\WINDOWS;C:\WINDOWS\System32\Wbem;C:\WINDOWS\System32\WindowsPowerShell\v1.0\;C:\Program Files (x86)\Skype\Phone\;C:\Program Files (x86)\NVIDIA Corporation\PhysX\Common;C:\Program Files\MiKTeX 2.9\miktex\bin\x64\;C:\WINDOWS\system32;C:\WINDOWS;C:\WINDOWS\System32\Wbem;C:\WINDOWS\System32\WindowsPowerShell\v1.0\;C:\WINDOWS\System32\OpenSSH\;C:\Users\FDI\AppData\Local\Microsoft\WindowsApps;;C:\WINDOWS\System32;
USERNAME=FDI
OS=Windows_NT
PROCESSOR_IDENTIFIER=Intel64 Family 6 Model 94 Stepping 3, GenuineIntel



---------------  S Y S T E M  ---------------

OS: Windows 10.0 , 64 bit Build 17134 (10.0.17134.1)

CPU:total 8 (initial active 8) (4 cores per cpu, 2 threads per core) family 6 model 94 stepping 3, cmov, cx8, fxsr, mmx, sse, sse2, sse3, ssse3, sse4.1, sse4.2, popcnt, avx, avx2, aes, clmul, erms, rtm, 3dnowpref, lzcnt, ht, tsc, tscinvbit, bmi1, bmi2, adx

Memory: 4k page, physical 16714648k(10834228k free), swap 19205016k(10174860k free)

vm_info: Java HotSpot(TM) 64-Bit Server VM (25.161-b12) for windows-amd64 JRE (1.8.0_161-b12), built on Dec 19 2017 17:52:25 by "java_re" with MS VC++ 10.0 (VS2010)

time: Fri Jun 08 21:06:19 2018
elapsed time: 7 seconds (0d 0h 0m 7s)

