#
# A fatal error has been detected by the Java Runtime Environment:
#
#  EXCEPTION_ACCESS_VIOLATION (0xc0000005) at pc=0x0000000066be0072, pid=10104, tid=0x0000000000002ca8
#
# JRE version: Java(TM) SE Runtime Environment (8.0_161-b12) (build 1.8.0_161-b12)
# Java VM: Java HotSpot(TM) 64-Bit Server VM (25.161-b12 mixed mode windows-amd64 compressed oops)
# Problematic frame:
# C  [gdx-box2d64.dll+0x20072]
#
# Failed to write core dump. Minidumps are not enabled by default on client versions of Windows
#
# If you would like to submit a bug report, please visit:
#   http://bugreport.java.com/bugreport/crash.jsp
# The crash happened outside the Java Virtual Machine in native code.
# See problematic frame for where to report the bug.
#

---------------  T H R E A D  ---------------

Current thread (0x000000001ec93000):  JavaThread "LWJGL Application" [_thread_in_native, id=11432, stack(0x0000000020a70000,0x0000000020b70000)]

siginfo: ExceptionCode=0xc0000005, reading address 0xffffffffffffffff

Registers:
RAX=0x0000000000000000, RBX=0x000000002b1884f0, RCX=0x0000000000000300, RDX=0x0000000000000006
RSP=0x0000000020b6eef0, RBP=0x000000002b161b10, RSI=0x114798d17dbb2fd9, RDI=0x471908426b946662
R8 =0x0000000000000006, R9 =0x000000001eca69a0, R10=0x000000001c703a40, R11=0x0000000020b6edd0
R12=0x000000002b1632b0, R13=0x000000001ff671e0, R14=0x0000000000000000, R15=0x0000000000000000
RIP=0x0000000066be0072, EFLAGS=0x0000000000010246

Top of Stack: (sp=0x0000000020b6eef0)
0x0000000020b6eef0:   00000000bf800000 00000000615d2adc
0x0000000020b6ef00:   bacccccd80000000 000000076c622a68
0x0000000020b6ef10:   000000003f800000 0000000000000000
0x0000000020b6ef20:   0000000000000000 0000000000000000
0x0000000020b6ef30:   0000000020b6f388 000000001ff4df40
0x0000000020b6ef40:   0000000020b6efb0 0000000020b6efa0
0x0000000020b6ef50:   000000001ff671e0 0000000000000008
0x0000000020b6ef60:   0000000020b6f388 0000000020b6f110
0x0000000020b6ef70:   000000001ec93000 0000000066be4b66
0x0000000020b6ef80:   0000000000000003 000000076c622a18
0x0000000020b6ef90:   000000076c622b98 0000000000000000
0x0000000020b6efa0:   42817f21a5594800 0000000000000000
0x0000000020b6efb0:   42817f21a5594800 000000076baca8d8
0x0000000020b6efc0:   426fffff3c888889 000000083f800000
0x0000000020b6efd0:   0000000100000003 00000000032b11bc
0x0000000020b6efe0:   000000003c888889 0000000000000000 

Instructions: (pc=0x0000000066be0072)
0x0000000066be0052:   8b 6b 60 4c 8b 63 68 44 8b 73 70 44 8b 7b 74 48
0x0000000066be0062:   8b 75 10 49 8b 7c 24 10 0f 85 12 01 00 00 31 c0
0x0000000066be0072:   f6 46 04 02 74 07 8b 0e 85 c9 0f 95 c0 f6 47 04
0x0000000066be0082:   02 0f 84 e8 00 00 00 8b 17 85 d2 0f 84 de 00 00 


Register to memory mapping:

RAX=0x0000000000000000 is an unknown value
RBX=0x000000002b1884f0 is an unknown value
RCX=0x0000000000000300 is an unknown value
RDX=0x0000000000000006 is an unknown value
RSP=0x0000000020b6eef0 is pointing into the stack for thread: 0x000000001ec93000
RBP=0x000000002b161b10 is an unknown value
RSI=0x114798d17dbb2fd9 is an unknown value
RDI=0x471908426b946662 is an unknown value
R8 =0x0000000000000006 is an unknown value
R9 =0x000000001eca69a0 is an unknown value
R10={method} {0x000000001c703a48} 'beginContact' '(J)V' in 'com/badlogic/gdx/physics/box2d/World'
R11=0x0000000020b6edd0 is pointing into the stack for thread: 0x000000001ec93000
R12=0x000000002b1632b0 is an unknown value
R13=0x000000001ff671e0 is an unknown value
R14=0x0000000000000000 is an unknown value
R15=0x0000000000000000 is an unknown value


Stack: [0x0000000020a70000,0x0000000020b70000],  sp=0x0000000020b6eef0,  free space=1019k
Native frames: (J=compiled Java code, j=interpreted, Vv=VM code, C=native code)
C  [gdx-box2d64.dll+0x20072]
C  [gdx-box2d64.dll+0x24b66]
C  [gdx-box2d64.dll+0x290d1]
C  0x0000000003307a55

Java frames: (J=compiled Java code, j=interpreted, Vv=VM code)
J 1009  com.badlogic.gdx.physics.box2d.World.jniStep(JFII)V (0 bytes) @ 0x00000000033079c9 [0x0000000003307980+0x49]
J 1060 C1 com.florent.f1game.screen.GameScreen.render(F)V (453 bytes) @ 0x0000000003335f3c [0x0000000003335260+0xcdc]
J 1081 C1 com.florent.f1game.F1Game.render()V (5 bytes) @ 0x000000000334f6bc [0x000000000334f4a0+0x21c]
j  com.badlogic.gdx.backends.lwjgl.LwjglApplication.mainLoop()V+698
j  com.badlogic.gdx.backends.lwjgl.LwjglApplication$1.run()V+27
v  ~StubRoutines::call_stub

---------------  P R O C E S S  ---------------

Java Threads: ( => current thread )
  0x000000002070c800 JavaThread "LWJGL Timer" daemon [_thread_blocked, id=6748, stack(0x000000002b060000,0x000000002b160000)]
  0x0000000002e53800 JavaThread "DestroyJavaVM" [_thread_blocked, id=9744, stack(0x0000000002d40000,0x0000000002e40000)]
=>0x000000001ec93000 JavaThread "LWJGL Application" [_thread_in_native, id=11432, stack(0x0000000020a70000,0x0000000020b70000)]
  0x000000001e9f0800 JavaThread "Service Thread" daemon [_thread_blocked, id=4780, stack(0x000000001f540000,0x000000001f640000)]
  0x000000001e964000 JavaThread "C1 CompilerThread3" daemon [_thread_blocked, id=15616, stack(0x000000001f440000,0x000000001f540000)]
  0x000000001e952000 JavaThread "C2 CompilerThread2" daemon [_thread_blocked, id=568, stack(0x000000001f340000,0x000000001f440000)]
  0x000000001e951800 JavaThread "C2 CompilerThread1" daemon [_thread_blocked, id=7352, stack(0x000000001f240000,0x000000001f340000)]
  0x000000001e94c800 JavaThread "C2 CompilerThread0" daemon [_thread_blocked, id=6404, stack(0x000000001f140000,0x000000001f240000)]
  0x000000001ca4e800 JavaThread "Attach Listener" daemon [_thread_blocked, id=7800, stack(0x000000001f040000,0x000000001f140000)]
  0x000000001ca4d800 JavaThread "Signal Dispatcher" daemon [_thread_blocked, id=13660, stack(0x000000001ef40000,0x000000001f040000)]
  0x000000001e940800 JavaThread "Finalizer" daemon [_thread_blocked, id=11416, stack(0x000000001ed20000,0x000000001ee20000)]
  0x0000000002f49000 JavaThread "Reference Handler" daemon [_thread_blocked, id=500, stack(0x000000001e820000,0x000000001e920000)]

Other Threads:
  0x000000001ca39000 VMThread [stack: 0x000000001e720000,0x000000001e820000] [id=15992]
  0x000000001ea09800 WatcherThread [stack: 0x000000001f7b0000,0x000000001f8b0000] [id=12752]

VM state:not at safepoint (normal execution)

VM Mutex/Monitor currently owned by a thread: None

Heap:
 PSYoungGen      total 76288K, used 27120K [0x000000076af80000, 0x0000000770480000, 0x00000007c0000000)
  eden space 65536K, 41% used [0x000000076af80000,0x000000076c9fc098,0x000000076ef80000)
  from space 10752K, 0% used [0x000000076fa00000,0x000000076fa00000,0x0000000770480000)
  to   space 10752K, 0% used [0x000000076ef80000,0x000000076ef80000,0x000000076fa00000)
 ParOldGen       total 175104K, used 0K [0x00000006c0e00000, 0x00000006cb900000, 0x000000076af80000)
  object space 175104K, 0% used [0x00000006c0e00000,0x00000006c0e00000,0x00000006cb900000)
 Metaspace       used 8445K, capacity 8613K, committed 8832K, reserved 1056768K
  class space    used 813K, capacity 853K, committed 896K, reserved 1048576K

Card table byte_map: [0x0000000012310000,0x0000000012b10000] byte_map_base: 0x000000000ed09000

Marking Bits: (ParMarkBitMap*) 0x0000000061caf860
 Begin Bits: [0x0000000013870000, 0x0000000017838000)
 End Bits:   [0x0000000017838000, 0x000000001b800000)

Polling page: 0x0000000001030000

CodeCache: size=245760Kb used=4218Kb max_used=4232Kb free=241541Kb
 bounds [0x0000000002f50000, 0x0000000003380000, 0x0000000011f50000]
 total_blobs=1606 nmethods=1099 adapters=420
 compilation: enabled

Compilation events (10 events):
Event: 12.721 Thread 0x000000001e964000 nmethod 1095 0x0000000003355710 code [0x0000000003355860, 0x0000000003355a10]
Event: 12.733 Thread 0x000000001e94c800 1096       4       java.nio.Buffer::nextPutIndex (31 bytes)
Event: 12.734 Thread 0x000000001e94c800 nmethod 1096 0x00000000033554d0 code [0x0000000003355600, 0x0000000003355698]
Event: 12.760 Thread 0x000000001e964000 1097       1       java.util.WeakHashMap::indexFor (6 bytes)
Event: 12.761 Thread 0x000000001e964000 nmethod 1097 0x0000000003355250 code [0x00000000033553a0, 0x0000000003355490]
Event: 12.769 Thread 0x000000001e964000 1098       3       com.badlogic.gdx.backends.lwjgl.LwjglGL20::glBindTexture (6 bytes)
Event: 12.769 Thread 0x000000001e964000 nmethod 1098 0x0000000003353750 code [0x0000000003353940, 0x0000000003354118]
Event: 12.770 Thread 0x000000001e964000 1099       3       org.lwjgl.opengl.GL11::glBindTexture (20 bytes)
Event: 12.770 Thread 0x000000001e964000 nmethod 1099 0x00000000033529d0 code [0x0000000003352bc0, 0x0000000003353318]
Event: 12.776 Thread 0x000000001e964000 1100       3       com.badlogic.gdx.scenes.scene2d.ui.Table::ensureSize (38 bytes)

GC Heap History (0 events):
No events

Deoptimization events (6 events):
Event: 0.063 Thread 0x0000000002e53800 Uncommon trap: reason=unstable_if action=reinterpret pc=0x0000000003071dc4 method=java.lang.String.hashCode()I @ 14
Event: 1.539 Thread 0x000000001ec93000 Uncommon trap: reason=unstable_if action=reinterpret pc=0x0000000003114020 method=sun.misc.MetaIndex.mayContain(Ljava/lang/String;)Z @ 38
Event: 12.776 Thread 0x000000001ec93000 Uncommon trap: reason=array_check action=maybe_recompile pc=0x00000000032df010 method=com.badlogic.gdx.utils.Array.add(Ljava/lang/Object;)V @ 46
Event: 12.776 Thread 0x000000001ec93000 Uncommon trap: reason=array_check action=maybe_recompile pc=0x00000000032df010 method=com.badlogic.gdx.utils.Array.add(Ljava/lang/Object;)V @ 46
Event: 12.776 Thread 0x000000001ec93000 Uncommon trap: reason=array_check action=maybe_recompile pc=0x00000000032df010 method=com.badlogic.gdx.utils.Array.add(Ljava/lang/Object;)V @ 46
Event: 12.776 Thread 0x000000001ec93000 Uncommon trap: reason=array_check action=maybe_recompile pc=0x00000000032df010 method=com.badlogic.gdx.utils.Array.add(Ljava/lang/Object;)V @ 46

Classes redefined (0 events):
No events

Internal exceptions (10 events):
Event: 0.097 Thread 0x0000000002e53800 Exception <a 'java/security/PrivilegedActionException'> (0x000000076b31fbe0) thrown at [C:\re\workspace\8-2-build-windows-amd64-cygwin\jdk8u161\10277\hotspot\src\share\vm\prims\jvm.cpp, line 1390]
Event: 0.097 Thread 0x0000000002e53800 Exception <a 'java/security/PrivilegedActionException'> (0x000000076b31fdf0) thrown at [C:\re\workspace\8-2-build-windows-amd64-cygwin\jdk8u161\10277\hotspot\src\share\vm\prims\jvm.cpp, line 1390]
Event: 0.097 Thread 0x0000000002e53800 Exception <a 'java/security/PrivilegedActionException'> (0x000000076b323a60) thrown at [C:\re\workspace\8-2-build-windows-amd64-cygwin\jdk8u161\10277\hotspot\src\share\vm\prims\jvm.cpp, line 1390]
Event: 0.097 Thread 0x0000000002e53800 Exception <a 'java/security/PrivilegedActionException'> (0x000000076b323c70) thrown at [C:\re\workspace\8-2-build-windows-amd64-cygwin\jdk8u161\10277\hotspot\src\share\vm\prims\jvm.cpp, line 1390]
Event: 0.156 Thread 0x0000000002e53800 Exception <a 'java/security/PrivilegedActionException'> (0x000000076b4490b0) thrown at [C:\re\workspace\8-2-build-windows-amd64-cygwin\jdk8u161\10277\hotspot\src\share\vm\prims\jvm.cpp, line 1390]
Event: 0.156 Thread 0x0000000002e53800 Exception <a 'java/security/PrivilegedActionException'> (0x000000076b44ad88) thrown at [C:\re\workspace\8-2-build-windows-amd64-cygwin\jdk8u161\10277\hotspot\src\share\vm\prims\jvm.cpp, line 1390]
Event: 0.156 Thread 0x0000000002e53800 Exception <a 'java/security/PrivilegedActionException'> (0x000000076b44bef8) thrown at [C:\re\workspace\8-2-build-windows-amd64-cygwin\jdk8u161\10277\hotspot\src\share\vm\prims\jvm.cpp, line 1390]
Event: 0.156 Thread 0x0000000002e53800 Exception <a 'java/security/PrivilegedActionException'> (0x000000076b451060) thrown at [C:\re\workspace\8-2-build-windows-amd64-cygwin\jdk8u161\10277\hotspot\src\share\vm\prims\jvm.cpp, line 1390]
Event: 0.156 Thread 0x0000000002e53800 Exception <a 'java/security/PrivilegedActionException'> (0x000000076b451cb8) thrown at [C:\re\workspace\8-2-build-windows-amd64-cygwin\jdk8u161\10277\hotspot\src\share\vm\prims\jvm.cpp, line 1390]
Event: 0.156 Thread 0x0000000002e53800 Exception <a 'java/security/PrivilegedActionException'> (0x000000076b4528e0) thrown at [C:\re\workspace\8-2-build-windows-amd64-cygwin\jdk8u161\10277\hotspot\src\share\vm\prims\jvm.cpp, line 1390]

Events (10 events):
Event: 12.776 Thread 0x000000001ec93000 DEOPT UNPACKING pc=0x0000000002f9583b sp=0x0000000020b6e4b0 mode 2
Event: 12.776 Thread 0x000000001ec93000 Uncommon trap: trap_request=0xffffffd6 fr.pc=0x00000000032df010
Event: 12.776 Thread 0x000000001ec93000 DEOPT PACKING pc=0x00000000032df010 sp=0x0000000020b6e520
Event: 12.776 Thread 0x000000001ec93000 DEOPT UNPACKING pc=0x0000000002f9583b sp=0x0000000020b6e4b0 mode 2
Event: 12.776 Thread 0x000000001ec93000 Uncommon trap: trap_request=0xffffffd6 fr.pc=0x00000000032df010
Event: 12.776 Thread 0x000000001ec93000 DEOPT PACKING pc=0x00000000032df010 sp=0x0000000020b6e520
Event: 12.776 Thread 0x000000001ec93000 DEOPT UNPACKING pc=0x0000000002f9583b sp=0x0000000020b6e4b0 mode 2
Event: 12.776 Thread 0x000000001ec93000 Uncommon trap: trap_request=0xffffffd6 fr.pc=0x00000000032df010
Event: 12.776 Thread 0x000000001ec93000 DEOPT PACKING pc=0x00000000032df010 sp=0x0000000020b6e520
Event: 12.776 Thread 0x000000001ec93000 DEOPT UNPACKING pc=0x0000000002f9583b sp=0x0000000020b6e4b0 mode 2


Dynamic libraries:
0x00007ff6310f0000 - 0x00007ff631127000 	C:\Program Files\Java\jre1.8.0_161\bin\javaw.exe
0x00007fffec850000 - 0x00007fffeca31000 	C:\WINDOWS\SYSTEM32\ntdll.dll
0x00007fffea1d0000 - 0x00007fffea282000 	C:\WINDOWS\System32\KERNEL32.DLL
0x00007fffe8cd0000 - 0x00007fffe8f43000 	C:\WINDOWS\System32\KERNELBASE.dll
0x00007fffeaf90000 - 0x00007fffeb031000 	C:\WINDOWS\System32\ADVAPI32.dll
0x00007fffec780000 - 0x00007fffec81e000 	C:\WINDOWS\System32\msvcrt.dll
0x00007fffec4e0000 - 0x00007fffec53b000 	C:\WINDOWS\System32\sechost.dll
0x00007fffea530000 - 0x00007fffea654000 	C:\WINDOWS\System32\RPCRT4.dll
0x00007fffec5f0000 - 0x00007fffec780000 	C:\WINDOWS\System32\USER32.dll
0x00007fffe9ad0000 - 0x00007fffe9af0000 	C:\WINDOWS\System32\win32u.dll
0x00007fffea290000 - 0x00007fffea2b8000 	C:\WINDOWS\System32\GDI32.dll
0x00007fffe96c0000 - 0x00007fffe9852000 	C:\WINDOWS\System32\gdi32full.dll
0x00007fffe9c40000 - 0x00007fffe9cdf000 	C:\WINDOWS\System32\msvcp_win.dll
0x00007fffe9af0000 - 0x00007fffe9bea000 	C:\WINDOWS\System32\ucrtbase.dll
0x00007fffd5b00000 - 0x00007fffd5d69000 	C:\WINDOWS\WinSxS\amd64_microsoft.windows.common-controls_6595b64144ccf1df_6.0.17134.48_none_b4b2216a3cb4dd3e\COMCTL32.dll
0x00007fffeac60000 - 0x00007fffeaf83000 	C:\WINDOWS\System32\combase.dll
0x00007fffe9860000 - 0x00007fffe98da000 	C:\WINDOWS\System32\bcryptPrimitives.dll
0x00007fffea680000 - 0x00007fffea6ad000 	C:\WINDOWS\System32\IMM32.DLL
0x0000000061350000 - 0x0000000061422000 	C:\Program Files\Java\jre1.8.0_161\bin\msvcr100.dll
0x0000000061490000 - 0x0000000061d2f000 	C:\Program Files\Java\jre1.8.0_161\bin\server\jvm.dll
0x00007fffea140000 - 0x00007fffea148000 	C:\WINDOWS\System32\PSAPI.DLL
0x00007fffe08e0000 - 0x00007fffe0903000 	C:\WINDOWS\SYSTEM32\WINMM.dll
0x00007fffe0430000 - 0x00007fffe0439000 	C:\WINDOWS\SYSTEM32\WSOCK32.dll
0x00007fffe2d60000 - 0x00007fffe2d6a000 	C:\WINDOWS\SYSTEM32\VERSION.dll
0x00007fffe9f30000 - 0x00007fffe9f9c000 	C:\WINDOWS\System32\WS2_32.dll
0x00007fffe08b0000 - 0x00007fffe08da000 	C:\WINDOWS\SYSTEM32\WINMMBASE.dll
0x00007fffe9bf0000 - 0x00007fffe9c39000 	C:\WINDOWS\System32\cfgmgr32.dll
0x0000000062c70000 - 0x0000000062c7f000 	C:\Program Files\Java\jre1.8.0_161\bin\verify.dll
0x0000000062c40000 - 0x0000000062c69000 	C:\Program Files\Java\jre1.8.0_161\bin\java.dll
0x0000000062c20000 - 0x0000000062c36000 	C:\Program Files\Java\jre1.8.0_161\bin\zip.dll
0x00007fffeb040000 - 0x00007fffec480000 	C:\WINDOWS\System32\SHELL32.dll
0x00007fffe9e80000 - 0x00007fffe9f29000 	C:\WINDOWS\System32\shcore.dll
0x00007fffe8f50000 - 0x00007fffe965d000 	C:\WINDOWS\System32\windows.storage.dll
0x00007fffea0e0000 - 0x00007fffea131000 	C:\WINDOWS\System32\shlwapi.dll
0x00007fffe8be0000 - 0x00007fffe8bf1000 	C:\WINDOWS\System32\kernel.appcore.dll
0x00007fffe8bc0000 - 0x00007fffe8bdf000 	C:\WINDOWS\System32\profapi.dll
0x00007fffe8b70000 - 0x00007fffe8bbc000 	C:\WINDOWS\System32\powrprof.dll
0x00007fffe8b60000 - 0x00007fffe8b6a000 	C:\WINDOWS\System32\FLTLIB.DLL
0x0000000065580000 - 0x0000000065616000 	C:\Users\FDI\AppData\Local\Temp\libgdxFDI\12dfaa03\gdx64.dll
0x00007fffe8590000 - 0x00007fffe85a7000 	C:\WINDOWS\SYSTEM32\CRYPTSP.dll
0x00007fffe7fc0000 - 0x00007fffe7ff3000 	C:\WINDOWS\system32\rsaenh.dll
0x00007fffe86c0000 - 0x00007fffe86e5000 	C:\WINDOWS\SYSTEM32\bcrypt.dll
0x00007fffe8a90000 - 0x00007fffe8ab8000 	C:\WINDOWS\SYSTEM32\USERENV.dll
0x00007fffe85b0000 - 0x00007fffe85bb000 	C:\WINDOWS\SYSTEM32\CRYPTBASE.dll
0x0000000062c00000 - 0x0000000062c1a000 	C:\Program Files\Java\jre1.8.0_161\bin\net.dll
0x00007fffe83e0000 - 0x00007fffe8446000 	C:\WINDOWS\system32\mswsock.dll
0x00007fffe8160000 - 0x00007fffe8198000 	C:\WINDOWS\SYSTEM32\IPHLPAPI.DLL
0x00007fffec540000 - 0x00007fffec548000 	C:\WINDOWS\System32\NSI.dll
0x00007fffe4190000 - 0x00007fffe41a6000 	C:\WINDOWS\SYSTEM32\dhcpcsvc6.DLL
0x00007fffe4170000 - 0x00007fffe418a000 	C:\WINDOWS\SYSTEM32\dhcpcsvc.DLL
0x0000000061470000 - 0x0000000061481000 	C:\Program Files\Java\jre1.8.0_161\bin\nio.dll
0x0000000180000000 - 0x0000000180053000 	C:\Users\FDI\AppData\Local\Temp\libgdxFDI\dc0f0009\lwjgl64.dll
0x00007fffbf1d0000 - 0x00007fffbf2f0000 	C:\WINDOWS\SYSTEM32\OPENGL32.dll
0x00007fffe2230000 - 0x00007fffe225c000 	C:\WINDOWS\SYSTEM32\GLU32.dll
0x000000001fc30000 - 0x000000001fc94000 	C:\Users\FDI\AppData\Local\Temp\libgdxFDI\dc0f0009\OpenAL64.dll
0x00007fffeab00000 - 0x00007fffeac51000 	C:\WINDOWS\System32\ole32.dll
0x00007fffe7220000 - 0x00007fffe72b8000 	C:\WINDOWS\system32\uxtheme.dll
0x00007fffec550000 - 0x00007fffec5f0000 	C:\WINDOWS\System32\clbcatq.dll
0x00007fffe2ee0000 - 0x00007fffe3094000 	C:\WINDOWS\System32\PROPSYS.dll
0x00007fffe9fa0000 - 0x00007fffea062000 	C:\WINDOWS\System32\OLEAUT32.dll
0x00007fffd5790000 - 0x00007fffd581f000 	C:\WINDOWS\SYSTEM32\dsound.dll
0x00007fffe2a00000 - 0x00007fffe2a76000 	C:\WINDOWS\System32\MMDevApi.dll
0x00007fffe8970000 - 0x00007fffe8997000 	C:\WINDOWS\System32\DEVOBJ.dll
0x00007fffbf8d0000 - 0x00007fffbf9fc000 	C:\WINDOWS\SYSTEM32\AUDIOSES.DLL
0x00007fffe4f90000 - 0x00007fffe50dd000 	C:\WINDOWS\SYSTEM32\wintypes.dll
0x00007fffe45e0000 - 0x00007fffe45ea000 	C:\WINDOWS\SYSTEM32\AVRT.dll
0x00007fffea2c0000 - 0x00007fffea435000 	C:\WINDOWS\System32\MSCTF.dll
0x00007fffe7320000 - 0x00007fffe7349000 	C:\WINDOWS\system32\dwmapi.dll
0x000000005f080000 - 0x0000000061347000 	C:\WINDOWS\SYSTEM32\nvoglv64.DLL
0x00007fffea6b0000 - 0x00007fffeaafb000 	C:\WINDOWS\System32\SETUPAPI.dll
0x00007fffe4f30000 - 0x00007fffe4f43000 	C:\WINDOWS\SYSTEM32\WTSAPI32.dll
0x00007fffe9660000 - 0x00007fffe96b7000 	C:\WINDOWS\System32\WINTRUST.dll
0x00007fffe8c00000 - 0x00007fffe8c12000 	C:\WINDOWS\System32\MSASN1.dll
0x00007fffe98e0000 - 0x00007fffe9ac2000 	C:\WINDOWS\System32\CRYPT32.dll
0x00007fffe7c50000 - 0x00007fffe7c81000 	C:\WINDOWS\SYSTEM32\ntmarta.dll
0x00007fffd1020000 - 0x00007fffd1286000 	C:\WINDOWS\system32\nvspcap64.dll
0x00007fffccfb0000 - 0x00007fffcd048000 	C:\WINDOWS\System32\TextInputFramework.dll
0x00007fffdeb30000 - 0x00007fffdee4e000 	C:\WINDOWS\System32\CoreUIComponents.dll
0x00007fffe6d10000 - 0x00007fffe6dea000 	C:\WINDOWS\System32\CoreMessaging.dll
0x00007fffe4950000 - 0x00007fffe49f8000 	C:\WINDOWS\SYSTEM32\mscms.dll
0x00007fffe5ab0000 - 0x00007fffe5ac0000 	C:\WINDOWS\SYSTEM32\ColorAdapterClient.dll
0x00007fffe21e0000 - 0x00007fffe2223000 	C:\WINDOWS\SYSTEM32\icm32.dll
0x00007fffe7cf0000 - 0x00007fffe7d46000 	C:\WINDOWS\SYSTEM32\WINSTA.dll
0x0000000066bc0000 - 0x0000000066c7b000 	C:\Users\FDI\AppData\Local\Temp\libgdxFDI\54593449\gdx-box2d64.dll
0x00007fffdb420000 - 0x00007fffdb5e9000 	C:\WINDOWS\SYSTEM32\dbghelp.dll

VM Arguments:
jvm_args: -Dfile.encoding=Cp1252 
java_command: com.florent.f1game.desktop.DesktopLauncher
java_class_path (initial): C:\Program Files\Java\jre1.8.0_161\lib\resources.jar;C:\Program Files\Java\jre1.8.0_161\lib\rt.jar;C:\Program Files\Java\jre1.8.0_161\lib\jsse.jar;C:\Program Files\Java\jre1.8.0_161\lib\jce.jar;C:\Program Files\Java\jre1.8.0_161\lib\charsets.jar;C:\Program Files\Java\jre1.8.0_161\lib\jfr.jar;C:\Program Files\Java\jre1.8.0_161\lib\ext\access-bridge-64.jar;C:\Program Files\Java\jre1.8.0_161\lib\ext\cldrdata.jar;C:\Program Files\Java\jre1.8.0_161\lib\ext\dnsns.jar;C:\Program Files\Java\jre1.8.0_161\lib\ext\jaccess.jar;C:\Program Files\Java\jre1.8.0_161\lib\ext\jfxrt.jar;C:\Program Files\Java\jre1.8.0_161\lib\ext\localedata.jar;C:\Program Files\Java\jre1.8.0_161\lib\ext\nashorn.jar;C:\Program Files\Java\jre1.8.0_161\lib\ext\sunec.jar;C:\Program Files\Java\jre1.8.0_161\lib\ext\sunjce_provider.jar;C:\Program Files\Java\jre1.8.0_161\lib\ext\sunmscapi.jar;C:\Program Files\Java\jre1.8.0_161\lib\ext\sunpkcs11.jar;C:\Program Files\Java\jre1.8.0_161\lib\ext\zipfs.jar;C:\Users\FDI\eclipse-workspace\LP24 projet\desktop\bin;C:\Users\FDI\.gradle\caches\modules-2\files-2.1\com.badlogicgames.gdx\gdx-backend-lwjgl\1.9.8\b7c138f14ed67ad830ae7597da3d86ae02b20eee\gdx-backend-lwjgl-1.9.8.jar;C:\Users\FDI\.gradle\caches\modules-2\files-2.1\com.badlogicgames.gdx\gdx-box2d-platform\1.9.8\3195b56f82751d7cd7de85edb6824d17bf479781\gdx-box2d-platform-1.9.8-natives-desktop.jar;C:\Users\FDI\.gradle\caches\modules-2\files-2.1\com.badlogicgames.gdx\gdx-box2d\1.9.8\6f0497b7958216464101adfb7bdc3a0f7b88d6d3\gdx-box2d-1.9.8.jar;C:\Users\FDI\.gradle\caches\modules-2\files-2.1\com.badlogicgames.gdx\gdx-controllers-desktop\1.9.8\631f8e4bc387dbf8a7122e2e8729ec1cdc0dc45a\gdx-controllers-desktop-1.9.8.jar;C:\Users\FDI\.gradle\caches\modules-2\files-2.1\com.badlogicgames.gdx\gdx-controllers-platform\1.9.8\deef23cee3884f579312b2987afd6a377b6eda2e\gdx-controllers-platform-1.9.8-natives-desktop.jar;C:\Users\FDI\.gradle\caches\modules-2\files-2.1\com.badlogicgames.gdx\gdx-controllers\1
Launcher Type: SUN_STANDARD

Environment Variables:
PATH=C:/Program Files/Java/jre1.8.0_161/bin/server;C:/Program Files/Java/jre1.8.0_161/bin;C:/Program Files/Java/jre1.8.0_161/lib/amd64;C:\ProgramData\Oracle\Java\javapath;C:\Program Files (x86)\Intel\iCLS Client\;C:\Program Files\Intel\iCLS Client\;C:\windows\system32;C:\windows;C:\windows\System32\Wbem;C:\windows\System32\WindowsPowerShell\v1.0\;C:\Program Files (x86)\Intel\Intel(R) Management Engine Components\DAL;C:\Program Files\Intel\Intel(R) Management Engine Components\DAL;C:\Program Files (x86)\Intel\Intel(R) Management Engine Components\IPT;C:\Program Files\Intel\Intel(R) Management Engine Components\IPT;C:\Program Files (x86)\Windows Live\Shared;C:\WINDOWS\system32;C:\WINDOWS;C:\WINDOWS\System32\Wbem;C:\WINDOWS\System32\WindowsPowerShell\v1.0\;C:\Program Files (x86)\Skype\Phone\;C:\Program Files (x86)\NVIDIA Corporation\PhysX\Common;C:\Program Files\MiKTeX 2.9\miktex\bin\x64\;C:\WINDOWS\system32;C:\WINDOWS;C:\WINDOWS\System32\Wbem;C:\WINDOWS\System32\WindowsPowerShell\v1.0\;C:\WINDOWS\System32\OpenSSH\;C:\Users\FDI\AppData\Local\Microsoft\WindowsApps;;C:\WINDOWS\System32;
USERNAME=FDI
OS=Windows_NT
PROCESSOR_IDENTIFIER=Intel64 Family 6 Model 94 Stepping 3, GenuineIntel



---------------  S Y S T E M  ---------------

OS: Windows 10.0 , 64 bit Build 17134 (10.0.17134.1)

CPU:total 8 (initial active 8) (4 cores per cpu, 2 threads per core) family 6 model 94 stepping 3, cmov, cx8, fxsr, mmx, sse, sse2, sse3, ssse3, sse4.1, sse4.2, popcnt, avx, avx2, aes, clmul, erms, rtm, 3dnowpref, lzcnt, ht, tsc, tscinvbit, bmi1, bmi2, adx

Memory: 4k page, physical 16714648k(10827640k free), swap 19205016k(10097408k free)

vm_info: Java HotSpot(TM) 64-Bit Server VM (25.161-b12) for windows-amd64 JRE (1.8.0_161-b12), built on Dec 19 2017 17:52:25 by "java_re" with MS VC++ 10.0 (VS2010)

time: Fri Jun 08 21:07:06 2018
elapsed time: 12 seconds (0d 0h 0m 12s)

