#
# A fatal error has been detected by the Java Runtime Environment:
#
#  EXCEPTION_ACCESS_VIOLATION (0xc0000005) at pc=0x0000000066be2430, pid=14460, tid=0x0000000000000c48
#
# JRE version: Java(TM) SE Runtime Environment (8.0_161-b12) (build 1.8.0_161-b12)
# Java VM: Java HotSpot(TM) 64-Bit Server VM (25.161-b12 mixed mode windows-amd64 compressed oops)
# Problematic frame:
# C  [gdx-box2d64.dll+0x22430]
#
# Failed to write core dump. Minidumps are not enabled by default on client versions of Windows
#
# If you would like to submit a bug report, please visit:
#   http://bugreport.java.com/bugreport/crash.jsp
# The crash happened outside the Java Virtual Machine in native code.
# See problematic frame for where to report the bug.
#

---------------  T H R E A D  ---------------

Current thread (0x000000001e548000):  JavaThread "LWJGL Application" [_thread_in_native, id=3144, stack(0x00000000204c0000,0x00000000205c0000)]

siginfo: ExceptionCode=0xc0000005, writing address 0x000000001f93f9b8

Registers:
RAX=0x0000000066c1c8b0, RBX=0x000000001f9266b0, RCX=0x000000001f9266b0, RDX=0x00000000205beac0
RSP=0x00000000205bea98, RBP=0x00000000205beb90, RSI=0x000000076c6aa090, RDI=0x0000000000000003
R8 =0x000000001f9266b0, R9 =0x0000000000000008, R10=0x0000000002d8fec9, R11=0x000000001c268e80
R12=0x0000000000000000, R13=0x0000000002df2d1c, R14=0x00000000205beb80, R15=0x000000001e548000
RIP=0x0000000066be2430, EFLAGS=0x0000000000010206

Top of Stack: (sp=0x00000000205bea98)
0x00000000205bea98:   0000000066be90a9 000000001bf01359
0x00000000205beaa8:   00000000205beaf0 000000001bf014b0
0x00000000205beab8:   000000001c25bfb0 0000000066c1c830
0x00000000205beac8:   000000001e5481f8 00000000205beb50
0x00000000205bead8:   00000000205bee40 0000000066c1c8b0
0x00000000205beae8:   000000001e5481f8 00000000205beb50
0x00000000205beaf8:   0000000002df2d1c 0000000000000000
0x00000000205beb08:   0000000000000000 00007fffbf2a7f70
0x00000000205beb18:   0000000002d8ff55 0000fd6c6fc04309
0x00000000205beb28:   0000000002e0314a 000000003f800000
0x00000000205beb38:   000000003f800000 0000000000000008
0x00000000205beb48:   0000000000000003 000000076c6aa090
0x00000000205beb58:   00000000205bec50 00000000205bee40
0x00000000205beb68:   000000076c4e06a0 000000076b26f920
0x00000000205beb78:   000000076b92aa10 000000076b92aa10
0x00000000205beb88:   00000000205bec50 00000000205bee40 

Instructions: (pc=0x0000000066be2430)
0x0000000066be2410:   28 c7 44 24 48 ff ff ff ff e8 62 19 01 00 90 90
0x0000000066be2420:   48 89 91 48 93 01 00 c3 0f 1f 84 00 00 00 00 00
0x0000000066be2430:   48 89 91 08 93 01 00 c3 0f 1f 84 00 00 00 00 00
0x0000000066be2440:   48 89 91 10 93 01 00 c3 0f 1f 84 00 00 00 00 00 


Register to memory mapping:

RAX=0x0000000066c1c8b0 is an unknown value
RBX=0x000000001f9266b0 is an unknown value
RCX=0x000000001f9266b0 is an unknown value
RDX=0x00000000205beac0 is pointing into the stack for thread: 0x000000001e548000
RSP=0x00000000205bea98 is pointing into the stack for thread: 0x000000001e548000
RBP=0x00000000205beb90 is pointing into the stack for thread: 0x000000001e548000
RSI=0x000000076c6aa090 is an oop
com.badlogic.gdx.physics.box2d.World 
 - klass: 'com/badlogic/gdx/physics/box2d/World'
RDI=0x0000000000000003 is an unknown value
R8 =0x000000001f9266b0 is an unknown value
R9 =0x0000000000000008 is an unknown value
R10=0x0000000002d8fec9 is at entry_point+73 in (nmethod*)0x0000000002d8fd10
R11=0x000000001c268e80 is pointing into metadata
R12=0x0000000000000000 is an unknown value
R13=0x0000000002df2d1c is at entry_point+828 in (nmethod*)0x0000000002df2810
R14=0x00000000205beb80 is pointing into the stack for thread: 0x000000001e548000
R15=0x000000001e548000 is a thread


Stack: [0x00000000204c0000,0x00000000205c0000],  sp=0x00000000205bea98,  free space=1018k
Native frames: (J=compiled Java code, j=interpreted, Vv=VM code, C=native code)
C  [gdx-box2d64.dll+0x22430]
C  [gdx-box2d64.dll+0x290a9]
C  0x0000000002d8ff55

Java frames: (J=compiled Java code, j=interpreted, Vv=VM code)
J 912  com.badlogic.gdx.physics.box2d.World.jniStep(JFII)V (0 bytes) @ 0x0000000002d8fec9 [0x0000000002d8fe80+0x49]
J 1002 C1 com.florent.f1game.screen.GameScreen.render(F)V (453 bytes) @ 0x0000000002dec9f4 [0x0000000002debee0+0xb14]
J 1070 C1 com.florent.f1game.F1Game.render()V (5 bytes) @ 0x0000000002e461fc [0x0000000002e45fe0+0x21c]
j  com.badlogic.gdx.backends.lwjgl.LwjglApplication.mainLoop()V+698
j  com.badlogic.gdx.backends.lwjgl.LwjglApplication$1.run()V+27
v  ~StubRoutines::call_stub

---------------  P R O C E S S  ---------------

Java Threads: ( => current thread )
  0x0000000020310800 JavaThread "LWJGL Timer" daemon [_thread_blocked, id=4356, stack(0x000000002aac0000,0x000000002abc0000)]
  0x0000000002933800 JavaThread "DestroyJavaVM" [_thread_blocked, id=4156, stack(0x0000000002830000,0x0000000002930000)]
=>0x000000001e548000 JavaThread "LWJGL Application" [_thread_in_native, id=3144, stack(0x00000000204c0000,0x00000000205c0000)]
  0x000000001e454800 JavaThread "Service Thread" daemon [_thread_blocked, id=5920, stack(0x000000001efb0000,0x000000001f0b0000)]
  0x000000001e3d0000 JavaThread "C1 CompilerThread3" daemon [_thread_blocked, id=6956, stack(0x000000001eeb0000,0x000000001efb0000)]
  0x000000001e3c5800 JavaThread "C2 CompilerThread2" daemon [_thread_blocked, id=13948, stack(0x000000001edb0000,0x000000001eeb0000)]
  0x000000001e3c4800 JavaThread "C2 CompilerThread1" daemon [_thread_blocked, id=8268, stack(0x000000001ecb0000,0x000000001edb0000)]
  0x000000001e3bc000 JavaThread "C2 CompilerThread0" daemon [_thread_blocked, id=7924, stack(0x000000001ebb0000,0x000000001ecb0000)]
  0x000000001e3bb000 JavaThread "Attach Listener" daemon [_thread_blocked, id=13032, stack(0x000000001eab0000,0x000000001ebb0000)]
  0x000000001e3ba000 JavaThread "Signal Dispatcher" daemon [_thread_blocked, id=6844, stack(0x000000001e9b0000,0x000000001eab0000)]
  0x000000001e3b0800 JavaThread "Finalizer" daemon [_thread_blocked, id=11824, stack(0x000000001e790000,0x000000001e890000)]
  0x0000000002a28000 JavaThread "Reference Handler" daemon [_thread_blocked, id=12276, stack(0x000000001e290000,0x000000001e390000)]

Other Threads:
  0x000000001c4c9800 VMThread [stack: 0x000000001e190000,0x000000001e290000] [id=12704]
  0x000000001e46e000 WatcherThread [stack: 0x000000001f220000,0x000000001f320000] [id=7608]

VM state:not at safepoint (normal execution)

VM Mutex/Monitor currently owned by a thread: None

Heap:
 PSYoungGen      total 76288K, used 25798K [0x000000076af80000, 0x0000000770480000, 0x00000007c0000000)
  eden space 65536K, 39% used [0x000000076af80000,0x000000076c8b1ab8,0x000000076ef80000)
  from space 10752K, 0% used [0x000000076fa00000,0x000000076fa00000,0x0000000770480000)
  to   space 10752K, 0% used [0x000000076ef80000,0x000000076ef80000,0x000000076fa00000)
 ParOldGen       total 175104K, used 0K [0x00000006c0e00000, 0x00000006cb900000, 0x000000076af80000)
  object space 175104K, 0% used [0x00000006c0e00000,0x00000006c0e00000,0x00000006cb900000)
 Metaspace       used 8426K, capacity 8613K, committed 8832K, reserved 1056768K
  class space    used 813K, capacity 853K, committed 896K, reserved 1048576K

Card table byte_map: [0x0000000011df0000,0x00000000125f0000] byte_map_base: 0x000000000e7e9000

Marking Bits: (ParMarkBitMap*) 0x0000000061caf860
 Begin Bits: [0x0000000013350000, 0x0000000017318000)
 End Bits:   [0x0000000017318000, 0x000000001b2e0000)

Polling page: 0x0000000000a10000

CodeCache: size=245760Kb used=4176Kb max_used=4178Kb free=241583Kb
 bounds [0x0000000002a30000, 0x0000000002e50000, 0x0000000011a30000]
 total_blobs=1585 nmethods=1078 adapters=420
 compilation: enabled

Compilation events (10 events):
Event: 11.623 Thread 0x000000001e3d0000 1074       3       java.nio.HeapCharBuffer::<init> (14 bytes)
Event: 11.623 Thread 0x000000001e3d0000 nmethod 1074 0x0000000002e44850 code [0x0000000002e449c0, 0x0000000002e44c08]
Event: 11.627 Thread 0x000000001e3d0000 1075       1       java.nio.DirectIntBufferU::ix (10 bytes)
Event: 11.627 Thread 0x000000001e3d0000 nmethod 1075 0x0000000002e44590 code [0x0000000002e446e0, 0x0000000002e447f0]
Event: 11.672 Thread 0x000000001e3d0000 1076       3       sun.misc.URLClassPath::findResource (47 bytes)
Event: 11.673 Thread 0x000000001e3d0000 nmethod 1076 0x0000000002e36c50 code [0x0000000002e36de0, 0x0000000002e371a8]
Event: 11.673 Thread 0x000000001e3d0000 1077       3       java.io.FileInputStream::read (8 bytes)
Event: 11.673 Thread 0x000000001e3d0000 nmethod 1077 0x0000000002e36890 code [0x0000000002e36a00, 0x0000000002e36b88]
Event: 11.679 Thread 0x000000001e3d0000 1078       1       java.lang.System::getSecurityManager (4 bytes)
Event: 11.679 Thread 0x000000001e3d0000 nmethod 1078 0x0000000002df7d10 code [0x0000000002df7e60, 0x0000000002df7f50]

GC Heap History (0 events):
No events

Deoptimization events (6 events):
Event: 0.062 Thread 0x0000000002933800 Uncommon trap: reason=unstable_if action=reinterpret pc=0x0000000002b51904 method=java.lang.String.hashCode()I @ 14
Event: 1.033 Thread 0x000000001e548000 Uncommon trap: reason=unstable_if action=reinterpret pc=0x0000000002bf86e0 method=sun.misc.MetaIndex.mayContain(Ljava/lang/String;)Z @ 38
Event: 11.679 Thread 0x000000001e548000 Uncommon trap: reason=array_check action=maybe_recompile pc=0x0000000002d7d5d0 method=com.badlogic.gdx.utils.Array.add(Ljava/lang/Object;)V @ 46
Event: 11.680 Thread 0x000000001e548000 Uncommon trap: reason=array_check action=maybe_recompile pc=0x0000000002d7d5d0 method=com.badlogic.gdx.utils.Array.add(Ljava/lang/Object;)V @ 46
Event: 11.680 Thread 0x000000001e548000 Uncommon trap: reason=array_check action=maybe_recompile pc=0x0000000002d7d5d0 method=com.badlogic.gdx.utils.Array.add(Ljava/lang/Object;)V @ 46
Event: 11.680 Thread 0x000000001e548000 Uncommon trap: reason=array_check action=maybe_recompile pc=0x0000000002d7d5d0 method=com.badlogic.gdx.utils.Array.add(Ljava/lang/Object;)V @ 46

Classes redefined (0 events):
No events

Internal exceptions (10 events):
Event: 0.097 Thread 0x0000000002933800 Exception <a 'java/security/PrivilegedActionException'> (0x000000076b31fbe0) thrown at [C:\re\workspace\8-2-build-windows-amd64-cygwin\jdk8u161\10277\hotspot\src\share\vm\prims\jvm.cpp, line 1390]
Event: 0.097 Thread 0x0000000002933800 Exception <a 'java/security/PrivilegedActionException'> (0x000000076b31fdf0) thrown at [C:\re\workspace\8-2-build-windows-amd64-cygwin\jdk8u161\10277\hotspot\src\share\vm\prims\jvm.cpp, line 1390]
Event: 0.097 Thread 0x0000000002933800 Exception <a 'java/security/PrivilegedActionException'> (0x000000076b323a60) thrown at [C:\re\workspace\8-2-build-windows-amd64-cygwin\jdk8u161\10277\hotspot\src\share\vm\prims\jvm.cpp, line 1390]
Event: 0.097 Thread 0x0000000002933800 Exception <a 'java/security/PrivilegedActionException'> (0x000000076b323c70) thrown at [C:\re\workspace\8-2-build-windows-amd64-cygwin\jdk8u161\10277\hotspot\src\share\vm\prims\jvm.cpp, line 1390]
Event: 0.156 Thread 0x0000000002933800 Exception <a 'java/security/PrivilegedActionException'> (0x000000076b448ce0) thrown at [C:\re\workspace\8-2-build-windows-amd64-cygwin\jdk8u161\10277\hotspot\src\share\vm\prims\jvm.cpp, line 1390]
Event: 0.156 Thread 0x0000000002933800 Exception <a 'java/security/PrivilegedActionException'> (0x000000076b44a9b8) thrown at [C:\re\workspace\8-2-build-windows-amd64-cygwin\jdk8u161\10277\hotspot\src\share\vm\prims\jvm.cpp, line 1390]
Event: 0.156 Thread 0x0000000002933800 Exception <a 'java/security/PrivilegedActionException'> (0x000000076b44bb28) thrown at [C:\re\workspace\8-2-build-windows-amd64-cygwin\jdk8u161\10277\hotspot\src\share\vm\prims\jvm.cpp, line 1390]
Event: 0.156 Thread 0x0000000002933800 Exception <a 'java/security/PrivilegedActionException'> (0x000000076b450c90) thrown at [C:\re\workspace\8-2-build-windows-amd64-cygwin\jdk8u161\10277\hotspot\src\share\vm\prims\jvm.cpp, line 1390]
Event: 0.156 Thread 0x0000000002933800 Exception <a 'java/security/PrivilegedActionException'> (0x000000076b4518e8) thrown at [C:\re\workspace\8-2-build-windows-amd64-cygwin\jdk8u161\10277\hotspot\src\share\vm\prims\jvm.cpp, line 1390]
Event: 0.156 Thread 0x0000000002933800 Exception <a 'java/security/PrivilegedActionException'> (0x000000076b452510) thrown at [C:\re\workspace\8-2-build-windows-amd64-cygwin\jdk8u161\10277\hotspot\src\share\vm\prims\jvm.cpp, line 1390]

Events (10 events):
Event: 11.680 Thread 0x000000001e548000 DEOPT PACKING pc=0x0000000002d7d5d0 sp=0x00000000205be870
Event: 11.680 Thread 0x000000001e548000 DEOPT UNPACKING pc=0x0000000002a7583b sp=0x00000000205be800 mode 2
Event: 11.680 loading class com/florent/f1game/screen/GameOverScreen$2
Event: 11.680 loading class com/florent/f1game/screen/GameOverScreen$2 done
Event: 11.680 Thread 0x000000001e548000 Uncommon trap: trap_request=0xffffffd6 fr.pc=0x0000000002d7d5d0
Event: 11.680 Thread 0x000000001e548000 DEOPT PACKING pc=0x0000000002d7d5d0 sp=0x00000000205be930
Event: 11.680 Thread 0x000000001e548000 DEOPT UNPACKING pc=0x0000000002a7583b sp=0x00000000205be8c0 mode 2
Event: 11.680 Thread 0x000000001e548000 Uncommon trap: trap_request=0xffffffd6 fr.pc=0x0000000002d7d5d0
Event: 11.680 Thread 0x000000001e548000 DEOPT PACKING pc=0x0000000002d7d5d0 sp=0x00000000205be930
Event: 11.680 Thread 0x000000001e548000 DEOPT UNPACKING pc=0x0000000002a7583b sp=0x00000000205be8c0 mode 2


Dynamic libraries:
0x00007ff6310f0000 - 0x00007ff631127000 	C:\Program Files\Java\jre1.8.0_161\bin\javaw.exe
0x00007fffec850000 - 0x00007fffeca31000 	C:\WINDOWS\SYSTEM32\ntdll.dll
0x00007fffea1d0000 - 0x00007fffea282000 	C:\WINDOWS\System32\KERNEL32.DLL
0x00007fffe8cd0000 - 0x00007fffe8f43000 	C:\WINDOWS\System32\KERNELBASE.dll
0x00007fffeaf90000 - 0x00007fffeb031000 	C:\WINDOWS\System32\ADVAPI32.dll
0x00007fffec780000 - 0x00007fffec81e000 	C:\WINDOWS\System32\msvcrt.dll
0x00007fffec4e0000 - 0x00007fffec53b000 	C:\WINDOWS\System32\sechost.dll
0x00007fffea530000 - 0x00007fffea654000 	C:\WINDOWS\System32\RPCRT4.dll
0x00007fffec5f0000 - 0x00007fffec780000 	C:\WINDOWS\System32\USER32.dll
0x00007fffe9ad0000 - 0x00007fffe9af0000 	C:\WINDOWS\System32\win32u.dll
0x00007fffea290000 - 0x00007fffea2b8000 	C:\WINDOWS\System32\GDI32.dll
0x00007fffe96c0000 - 0x00007fffe9852000 	C:\WINDOWS\System32\gdi32full.dll
0x00007fffe9c40000 - 0x00007fffe9cdf000 	C:\WINDOWS\System32\msvcp_win.dll
0x00007fffe9af0000 - 0x00007fffe9bea000 	C:\WINDOWS\System32\ucrtbase.dll
0x00007fffd5b00000 - 0x00007fffd5d69000 	C:\WINDOWS\WinSxS\amd64_microsoft.windows.common-controls_6595b64144ccf1df_6.0.17134.48_none_b4b2216a3cb4dd3e\COMCTL32.dll
0x00007fffeac60000 - 0x00007fffeaf83000 	C:\WINDOWS\System32\combase.dll
0x00007fffe9860000 - 0x00007fffe98da000 	C:\WINDOWS\System32\bcryptPrimitives.dll
0x00007fffea680000 - 0x00007fffea6ad000 	C:\WINDOWS\System32\IMM32.DLL
0x0000000061350000 - 0x0000000061422000 	C:\Program Files\Java\jre1.8.0_161\bin\msvcr100.dll
0x0000000061490000 - 0x0000000061d2f000 	C:\Program Files\Java\jre1.8.0_161\bin\server\jvm.dll
0x00007fffea140000 - 0x00007fffea148000 	C:\WINDOWS\System32\PSAPI.DLL
0x00007fffe0430000 - 0x00007fffe0439000 	C:\WINDOWS\SYSTEM32\WSOCK32.dll
0x00007fffe2d60000 - 0x00007fffe2d6a000 	C:\WINDOWS\SYSTEM32\VERSION.dll
0x00007fffe08e0000 - 0x00007fffe0903000 	C:\WINDOWS\SYSTEM32\WINMM.dll
0x00007fffe9f30000 - 0x00007fffe9f9c000 	C:\WINDOWS\System32\WS2_32.dll
0x00007fffe08b0000 - 0x00007fffe08da000 	C:\WINDOWS\SYSTEM32\WINMMBASE.dll
0x00007fffe9bf0000 - 0x00007fffe9c39000 	C:\WINDOWS\System32\cfgmgr32.dll
0x0000000062c70000 - 0x0000000062c7f000 	C:\Program Files\Java\jre1.8.0_161\bin\verify.dll
0x0000000062c40000 - 0x0000000062c69000 	C:\Program Files\Java\jre1.8.0_161\bin\java.dll
0x0000000062c20000 - 0x0000000062c36000 	C:\Program Files\Java\jre1.8.0_161\bin\zip.dll
0x00007fffeb040000 - 0x00007fffec480000 	C:\WINDOWS\System32\SHELL32.dll
0x00007fffe9e80000 - 0x00007fffe9f29000 	C:\WINDOWS\System32\shcore.dll
0x00007fffe8f50000 - 0x00007fffe965d000 	C:\WINDOWS\System32\windows.storage.dll
0x00007fffea0e0000 - 0x00007fffea131000 	C:\WINDOWS\System32\shlwapi.dll
0x00007fffe8be0000 - 0x00007fffe8bf1000 	C:\WINDOWS\System32\kernel.appcore.dll
0x00007fffe8bc0000 - 0x00007fffe8bdf000 	C:\WINDOWS\System32\profapi.dll
0x00007fffe8b70000 - 0x00007fffe8bbc000 	C:\WINDOWS\System32\powrprof.dll
0x00007fffe8b60000 - 0x00007fffe8b6a000 	C:\WINDOWS\System32\FLTLIB.DLL
0x0000000065580000 - 0x0000000065616000 	C:\Users\FDI\AppData\Local\Temp\libgdxFDI\12dfaa03\gdx64.dll
0x00007fffe8590000 - 0x00007fffe85a7000 	C:\WINDOWS\SYSTEM32\CRYPTSP.dll
0x00007fffe7fc0000 - 0x00007fffe7ff3000 	C:\WINDOWS\system32\rsaenh.dll
0x00007fffe86c0000 - 0x00007fffe86e5000 	C:\WINDOWS\SYSTEM32\bcrypt.dll
0x00007fffe8a90000 - 0x00007fffe8ab8000 	C:\WINDOWS\SYSTEM32\USERENV.dll
0x00007fffe85b0000 - 0x00007fffe85bb000 	C:\WINDOWS\SYSTEM32\CRYPTBASE.dll
0x0000000062c00000 - 0x0000000062c1a000 	C:\Program Files\Java\jre1.8.0_161\bin\net.dll
0x00007fffe83e0000 - 0x00007fffe8446000 	C:\WINDOWS\system32\mswsock.dll
0x00007fffe8160000 - 0x00007fffe8198000 	C:\WINDOWS\SYSTEM32\IPHLPAPI.DLL
0x00007fffec540000 - 0x00007fffec548000 	C:\WINDOWS\System32\NSI.dll
0x00007fffe4190000 - 0x00007fffe41a6000 	C:\WINDOWS\SYSTEM32\dhcpcsvc6.DLL
0x00007fffe4170000 - 0x00007fffe418a000 	C:\WINDOWS\SYSTEM32\dhcpcsvc.DLL
0x0000000061470000 - 0x0000000061481000 	C:\Program Files\Java\jre1.8.0_161\bin\nio.dll
0x0000000180000000 - 0x0000000180053000 	C:\Users\FDI\AppData\Local\Temp\libgdxFDI\dc0f0009\lwjgl64.dll
0x00007fffbf1d0000 - 0x00007fffbf2f0000 	C:\WINDOWS\SYSTEM32\OPENGL32.dll
0x00007fffe2230000 - 0x00007fffe225c000 	C:\WINDOWS\SYSTEM32\GLU32.dll
0x000000001f6c0000 - 0x000000001f724000 	C:\Users\FDI\AppData\Local\Temp\libgdxFDI\dc0f0009\OpenAL64.dll
0x00007fffeab00000 - 0x00007fffeac51000 	C:\WINDOWS\System32\ole32.dll
0x00007fffe7220000 - 0x00007fffe72b8000 	C:\WINDOWS\system32\uxtheme.dll
0x00007fffec550000 - 0x00007fffec5f0000 	C:\WINDOWS\System32\clbcatq.dll
0x00007fffe2ee0000 - 0x00007fffe3094000 	C:\WINDOWS\System32\PROPSYS.dll
0x00007fffe9fa0000 - 0x00007fffea062000 	C:\WINDOWS\System32\OLEAUT32.dll
0x00007fffd5790000 - 0x00007fffd581f000 	C:\WINDOWS\SYSTEM32\dsound.dll
0x00007fffe2a00000 - 0x00007fffe2a76000 	C:\WINDOWS\System32\MMDevApi.dll
0x00007fffe8970000 - 0x00007fffe8997000 	C:\WINDOWS\System32\DEVOBJ.dll
0x00007fffbf8d0000 - 0x00007fffbf9fc000 	C:\WINDOWS\SYSTEM32\AUDIOSES.DLL
0x00007fffe4f90000 - 0x00007fffe50dd000 	C:\WINDOWS\SYSTEM32\wintypes.dll
0x00007fffe45e0000 - 0x00007fffe45ea000 	C:\WINDOWS\SYSTEM32\AVRT.dll
0x00007fffea2c0000 - 0x00007fffea435000 	C:\WINDOWS\System32\MSCTF.dll
0x00007fffe7320000 - 0x00007fffe7349000 	C:\WINDOWS\system32\dwmapi.dll
0x000000005f080000 - 0x0000000061347000 	C:\WINDOWS\SYSTEM32\nvoglv64.DLL
0x00007fffea6b0000 - 0x00007fffeaafb000 	C:\WINDOWS\System32\SETUPAPI.dll
0x00007fffe4f30000 - 0x00007fffe4f43000 	C:\WINDOWS\SYSTEM32\WTSAPI32.dll
0x00007fffe9660000 - 0x00007fffe96b7000 	C:\WINDOWS\System32\WINTRUST.dll
0x00007fffe8c00000 - 0x00007fffe8c12000 	C:\WINDOWS\System32\MSASN1.dll
0x00007fffe98e0000 - 0x00007fffe9ac2000 	C:\WINDOWS\System32\CRYPT32.dll
0x00007fffe7c50000 - 0x00007fffe7c81000 	C:\WINDOWS\SYSTEM32\ntmarta.dll
0x00007fffd1020000 - 0x00007fffd1286000 	C:\WINDOWS\system32\nvspcap64.dll
0x00007fffccfb0000 - 0x00007fffcd048000 	C:\WINDOWS\System32\TextInputFramework.dll
0x00007fffe6d10000 - 0x00007fffe6dea000 	C:\WINDOWS\System32\CoreMessaging.dll
0x00007fffdeb30000 - 0x00007fffdee4e000 	C:\WINDOWS\System32\CoreUIComponents.dll
0x00007fffe4950000 - 0x00007fffe49f8000 	C:\WINDOWS\SYSTEM32\mscms.dll
0x00007fffe5ab0000 - 0x00007fffe5ac0000 	C:\WINDOWS\SYSTEM32\ColorAdapterClient.dll
0x00007fffe21e0000 - 0x00007fffe2223000 	C:\WINDOWS\SYSTEM32\icm32.dll
0x00007fffe7cf0000 - 0x00007fffe7d46000 	C:\WINDOWS\SYSTEM32\WINSTA.dll
0x0000000066bc0000 - 0x0000000066c7b000 	C:\Users\FDI\AppData\Local\Temp\libgdxFDI\54593449\gdx-box2d64.dll
0x00007fffdb420000 - 0x00007fffdb5e9000 	C:\WINDOWS\SYSTEM32\dbghelp.dll

VM Arguments:
jvm_args: -Dfile.encoding=Cp1252 
java_command: com.florent.f1game.desktop.DesktopLauncher
java_class_path (initial): C:\Program Files\Java\jre1.8.0_161\lib\resources.jar;C:\Program Files\Java\jre1.8.0_161\lib\rt.jar;C:\Program Files\Java\jre1.8.0_161\lib\jsse.jar;C:\Program Files\Java\jre1.8.0_161\lib\jce.jar;C:\Program Files\Java\jre1.8.0_161\lib\charsets.jar;C:\Program Files\Java\jre1.8.0_161\lib\jfr.jar;C:\Program Files\Java\jre1.8.0_161\lib\ext\access-bridge-64.jar;C:\Program Files\Java\jre1.8.0_161\lib\ext\cldrdata.jar;C:\Program Files\Java\jre1.8.0_161\lib\ext\dnsns.jar;C:\Program Files\Java\jre1.8.0_161\lib\ext\jaccess.jar;C:\Program Files\Java\jre1.8.0_161\lib\ext\jfxrt.jar;C:\Program Files\Java\jre1.8.0_161\lib\ext\localedata.jar;C:\Program Files\Java\jre1.8.0_161\lib\ext\nashorn.jar;C:\Program Files\Java\jre1.8.0_161\lib\ext\sunec.jar;C:\Program Files\Java\jre1.8.0_161\lib\ext\sunjce_provider.jar;C:\Program Files\Java\jre1.8.0_161\lib\ext\sunmscapi.jar;C:\Program Files\Java\jre1.8.0_161\lib\ext\sunpkcs11.jar;C:\Program Files\Java\jre1.8.0_161\lib\ext\zipfs.jar;C:\Users\FDI\eclipse-workspace\LP24 projet\desktop\bin;C:\Users\FDI\.gradle\caches\modules-2\files-2.1\com.badlogicgames.gdx\gdx-backend-lwjgl\1.9.8\b7c138f14ed67ad830ae7597da3d86ae02b20eee\gdx-backend-lwjgl-1.9.8.jar;C:\Users\FDI\.gradle\caches\modules-2\files-2.1\com.badlogicgames.gdx\gdx-box2d-platform\1.9.8\3195b56f82751d7cd7de85edb6824d17bf479781\gdx-box2d-platform-1.9.8-natives-desktop.jar;C:\Users\FDI\.gradle\caches\modules-2\files-2.1\com.badlogicgames.gdx\gdx-box2d\1.9.8\6f0497b7958216464101adfb7bdc3a0f7b88d6d3\gdx-box2d-1.9.8.jar;C:\Users\FDI\.gradle\caches\modules-2\files-2.1\com.badlogicgames.gdx\gdx-controllers-desktop\1.9.8\631f8e4bc387dbf8a7122e2e8729ec1cdc0dc45a\gdx-controllers-desktop-1.9.8.jar;C:\Users\FDI\.gradle\caches\modules-2\files-2.1\com.badlogicgames.gdx\gdx-controllers-platform\1.9.8\deef23cee3884f579312b2987afd6a377b6eda2e\gdx-controllers-platform-1.9.8-natives-desktop.jar;C:\Users\FDI\.gradle\caches\modules-2\files-2.1\com.badlogicgames.gdx\gdx-controllers\1
Launcher Type: SUN_STANDARD

Environment Variables:
PATH=C:/Program Files/Java/jre1.8.0_161/bin/server;C:/Program Files/Java/jre1.8.0_161/bin;C:/Program Files/Java/jre1.8.0_161/lib/amd64;C:\ProgramData\Oracle\Java\javapath;C:\Program Files (x86)\Intel\iCLS Client\;C:\Program Files\Intel\iCLS Client\;C:\windows\system32;C:\windows;C:\windows\System32\Wbem;C:\windows\System32\WindowsPowerShell\v1.0\;C:\Program Files (x86)\Intel\Intel(R) Management Engine Components\DAL;C:\Program Files\Intel\Intel(R) Management Engine Components\DAL;C:\Program Files (x86)\Intel\Intel(R) Management Engine Components\IPT;C:\Program Files\Intel\Intel(R) Management Engine Components\IPT;C:\Program Files (x86)\Windows Live\Shared;C:\WINDOWS\system32;C:\WINDOWS;C:\WINDOWS\System32\Wbem;C:\WINDOWS\System32\WindowsPowerShell\v1.0\;C:\Program Files (x86)\Skype\Phone\;C:\Program Files (x86)\NVIDIA Corporation\PhysX\Common;C:\Program Files\MiKTeX 2.9\miktex\bin\x64\;C:\WINDOWS\system32;C:\WINDOWS;C:\WINDOWS\System32\Wbem;C:\WINDOWS\System32\WindowsPowerShell\v1.0\;C:\WINDOWS\System32\OpenSSH\;C:\Users\FDI\AppData\Local\Microsoft\WindowsApps;;C:\WINDOWS\System32;
USERNAME=FDI
OS=Windows_NT
PROCESSOR_IDENTIFIER=Intel64 Family 6 Model 94 Stepping 3, GenuineIntel



---------------  S Y S T E M  ---------------

OS: Windows 10.0 , 64 bit Build 17134 (10.0.17134.1)

CPU:total 8 (initial active 8) (4 cores per cpu, 2 threads per core) family 6 model 94 stepping 3, cmov, cx8, fxsr, mmx, sse, sse2, sse3, ssse3, sse4.1, sse4.2, popcnt, avx, avx2, aes, clmul, erms, rtm, 3dnowpref, lzcnt, ht, tsc, tscinvbit, bmi1, bmi2, adx

Memory: 4k page, physical 16714648k(10742016k free), swap 19205016k(9927032k free)

vm_info: Java HotSpot(TM) 64-Bit Server VM (25.161-b12) for windows-amd64 JRE (1.8.0_161-b12), built on Dec 19 2017 17:52:25 by "java_re" with MS VC++ 10.0 (VS2010)

time: Fri Jun 08 21:11:22 2018
elapsed time: 11 seconds (0d 0h 0m 11s)

